GEOMETRY
    CLASS = 'PACKAGE GEOMETRY'
    SUBCLASS = PLACE_BOUND_TOP 
    OR 
    CLASS = 'PACKAGE GEOMETRY'
    SUBCLASS = PLACE_BOUND_BOTTOM   
    OR 
    CLASS = 'PACKAGE GEOMETRY'
    SUBCLASS = ASSEMBLY_TOP  
    OR 
    CLASS = 'PACKAGE GEOMETRY'
    SUBCLASS = ASSEMBLY_BOTTOM   
#
   SUBCLASS
   RECORD_TAG
   REFDES
   COMP_PACKAGE
   COMP_PART_NUMBER
   SYM_NAME
   SYM_X
   SYM_Y
   SYM_ROTATE
   SYM_MIRROR
   GRAPHIC_DATA_NAME
   GRAPHIC_DATA_1
   GRAPHIC_DATA_2
   GRAPHIC_DATA_3
   GRAPHIC_DATA_4
   GRAPHIC_DATA_5
   GRAPHIC_DATA_6
   GRAPHIC_DATA_7
   GRAPHIC_DATA_8
   GRAPHIC_DATA_9
   GRAPHIC_DATA_10
   PACKAGE_HEIGHT_MIN
   PACKAGE_HEIGHT_MAX
   SYM_HAS_PIN_EDIT
   SYM_DFA_DEV_CLASS
 COMP_PACKAGE_HEIGHT_MIN
 COMP_PACKAGE_HEIGHT_MAX
END
#
FULL_GEOMETRY
   CLASS
   SUBCLASS
   RECORD_TAG
   REFDES
   PIN_NUMBER
   PAD_STACK_NAME
   NET_NAME
   PIN_X
   PIN_Y
   VIA_X
   VIA_Y
   TEST_POINT    
   GRAPHIC_DATA_NAME
   GRAPHIC_DATA_1
   GRAPHIC_DATA_2
   GRAPHIC_DATA_3
   GRAPHIC_DATA_4
   GRAPHIC_DATA_5
   GRAPHIC_DATA_6
   GRAPHIC_DATA_7
   GRAPHIC_DATA_8
   GRAPHIC_DATA_9
   GRAPHIC_DATA_10
   NO_SHAPE_CONNECT
   DRILL_FIGURE_CHAR
   PACKAGE_HEIGHT_MIN
   PACKAGE_HEIGHT_MAX
   NET_PHYSICAL_TYPE
   NET_SPACING_TYPE
   DRILL_FIGURE_ROTATION
   FILLET
   WIREBOND_PROFILE_NAME
   VIA_MIRROR
   SYM_MIRROR
END
#
LAYER
   LAYER_SORT
   LAYER_SUBCLASS
   LAYER_ARTWORK
   LAYER_USE
   LAYER_CONDUCTOR
   LAYER_DIELECTRIC_CONSTANT
   LAYER_ELECTRICAL_CONDUCTIVITY
   LAYER_MATERIAL
   LAYER_SHIELD_LAYER
   LAYER_THERMAL_CONDUCTIVITY
   LAYER_THICKNESS
   LAYER_TYPE
   LAYER_LOSS_TANGENT
END
#
PAD_DEF
   PAD_NAME
   REC_NUMBER
   LAYER
   FIXFLAG
   VIAFLAG
   PADSHAPE1
   PADWIDTH
   PADHGHT
   PADXOFF
   PADYOFF
   PADFLASH
   PADSHAPENAME
   TRELSHAPE1
   TRELWIDTH
   TRELHGHT
   TRELXOFF
   TRELYOFF
   TRELZOFF
   TRELFLASH
   TRELSHAPENAME
   APADSHAPE1
   APADWIDTH
   APADHGHT
   APADXOFF
   APADYOFF
   APADFLASH
   APADSHAPENAME
END
#
COMPOSITE_PAD
   CLASS
   REFDES
   PIN_NUMBER
   PAD_STACK_NAME
   START_LAYER_NAME
   END_LAYER_NAME
   NET_NAME
   PIN_X
   PIN_Y
   VIA_X
   VIA_Y
   DRILL_HOLE_TYPE
   SLOT_SIZE_MAJOR
   SLOT_SIZE_MINOR
   SLOT_X
   SLOT_Y
   SLOT_ROTATION
   SLOT_PLATING
   DRILL_FIGURE_CHAR
   DRILL_FIGURE_SHAPE
   DRILL_FIGURE_WIDTH 
   DRILL_FIGURE_HEIGHT
   DRILL_FIGURE_ROTATION
   GRAPHIC_DATA_NAME
   GRAPHIC_DATA_1
   GRAPHIC_DATA_2
   GRAPHIC_DATA_3
   GRAPHIC_DATA_4
   PIN_NUMBER_SORT
   DRILL_ARRAY_LOCATIONS
   COMP_PACKAGE
   DRILL_HOLE_POSTOL
   DRILL_HOLE_NEGTOL
   BACKDRILL_TOP_LAYER
   BACKDRILL_BOTTOM_LAYER
   BACKDRILL_TOP_FROM
   BACKDRILL_BOTTOM_FROM
END
#
COMPONENT
   REFDES != ''
   REFDES
   PART_NUMBER
   IDX_OBJID
   ALT_SYMBOLS
   PART_NAME
   VALUE
END
#
NET
   NET_NAME_SORT
   NET_NAME
   NET_PHYSICAL_TYPE
   NET_SPACING_TYPE
   ELECTRICAL_CONSTRAINT_SET
   NET_DIFFERENTIAL_PAIR
   NET_STUB_LENGTH
   NET_MAX_VIA_COUNT
   NET_MIN_LINE_WIDTH
   NET_MAX_PARALLEL
   NET_IMPEDANCE_AVERAGE
   NO_TEST
   NET_IMPEDANCE_MINIMUM
   NET_IMPEDANCE_MAXIMUM
END
#
CONNECTIVITY
   NET_NAME_SORT
   NET_NAME
   NODE_SORT
   NODE_1_NUMBER
   NODE_2_NUMBER
   NODE_CONNECTS
   RAT_CONNECTED
   REFDES
   PIN_NUMBER
   PIN_TYPE
   PIN_X
   PIN_Y
   VIA_X
   VIA_Y
   VIA_MIRROR
   PAD_STACK_NAME
   START_LAYER_NAME
   END_LAYER_NAME
END
#
