(---------------------------------------------------------------------)
(                                                                     )
(    IPC-D-356                                                        )
(                                                                     )
(    Software Version : 17.2S024                                      )
(    Date/Time        : Wed Oct 10 12:31:25 2018                      )
(                                                                     )
(---------------------------------------------------------------------)


Warning: String S1400OBL2100_600M1300_WPM exceeds record length on line 74 at column 0
Warning: String SHAPE_3240X3570_MIRRORA exceeds record length on line 83 at column 0
Warning: String SHAPE_1000X2000_WOSMPA exceeds record length on line 114 at column 0
Warning: String SHAPE_TI_CARBON_INK_PB_PAD exceeds record length on line 118 at column 0
Warning: String S1400OBL2100_600M1300 exceeds record length on line 282 at column 0
Warning: String SHAPE_500X1000_WOSMPA exceeds record length on line 318 at column 0
Warning: Found a mechanical pin at location (208.9380 290.3500) with no drill - skipping.
Warning: Found a mechanical pin at location (213.8620 290.3500) with no drill - skipping.
Warning: Found a mechanical pin at location (210.4620 292.6500) with no drill - skipping.
Warning: Found a mechanical pin at location (212.3380 292.6500) with no drill - skipping.


------------------------------------------
SUMMARY:
  Errors:       0
  Warnings:    10
