{ Using PSTWRITER 17.2.0 d001Oct-10-2018 at 09:41:15 }

#1 WARNING(ORCAP-36038): "No_connect" property on Pin "U5.104" ignored for U5: EnergyTrace LaunchPad, 4_XDS110 (205.74, 22.86). Connecting pin to net "USBDIR".
#2 WARNING(ORCAP-36038): "No_connect" property on Pin "U5.91" ignored for U5: EnergyTrace LaunchPad, 4_XDS110 (205.74, 22.86). Connecting pin to net "USBSTP".
#3 WARNING(ORCAP-36038): "No_connect" property on Pin "U5.110" ignored for U5: EnergyTrace LaunchPad, 4_XDS110 (205.74, 22.86). Connecting pin to net "ET_PN3".
#4 WARNING(ORCAP-36038): "No_connect" property on Pin "U5.92" ignored for U5: EnergyTrace LaunchPad, 4_XDS110 (205.74, 22.86). Connecting pin to net "USBCLK".
#5 WARNING(ORCAP-36038): "No_connect" property on Pin "J6.4" ignored for J6: EnergyTrace LaunchPad, 4_XDS110 (12.70, 152.40). Connecting pin to net "N3174121".
#6 WARNING(ORCAP-36038): "No_connect" property on Pin "U5.12" ignored for U5: EnergyTrace LaunchPad, 4_XDS110 (205.74, 22.86). Connecting pin to net "VBUS_DET".
#7 WARNING(ORCAP-36038): "No_connect" property on Pin "J1.20" ignored for J1: EnergyTrace LaunchPad, 2_Peripherals (91.44, 30.48). Connecting pin to net "DIO1".
#8 WARNING(ORCAP-36038): "No_connect" property on Pin "U38.2" ignored for U38: EnergyTrace LaunchPad, 5_EnergyTrace (45.72, 147.32). Connecting pin to net "N3004851".
#9 WARNING(ORCAP-36038): "No_connect" property on Pin "J2.20" ignored for J2: EnergyTrace LaunchPad, 2_Peripherals (254.00, 30.48). Connecting pin to net "DIO15".
#10 WARNING(ORCAP-36038): "No_connect" property on Pin "U5.78" ignored for U5: EnergyTrace LaunchPad, 4_XDS110 (205.74, 22.86). Connecting pin to net "ET_BYPASS".
#11 WARNING(ORCAP-36038): "No_connect" property on Pin "U5.37" ignored for U5: EnergyTrace LaunchPad, 4_XDS110 (205.74, 22.86). Connecting pin to net "XDS_TDO".
#12 WARNING(ORCAP-36038): "No_connect" property on Pin "U5.38" ignored for U5: EnergyTrace LaunchPad, 4_XDS110 (205.74, 22.86). Connecting pin to net "XDS_TDI".
#13 WARNING(ORCAP-36038): "No_connect" property on Pin "U33.7" ignored for U33: EnergyTrace LaunchPad, 5_EnergyTrace (45.72, 40.64). Connecting pin to net "N3002707".
#14 WARNING(ORCAP-36038): "No_connect" property on Pin "U38.5" ignored for U38: EnergyTrace LaunchPad, 5_EnergyTrace (45.72, 147.32). Connecting pin to net "TARGET_VDD".
#15 WARNING(ORCAP-36038): "No_connect" property on Pin "U5.77" ignored for U5: EnergyTrace LaunchPad, 4_XDS110 (205.74, 22.86). Connecting pin to net "ET_CALIBRATE".
#16 WARNING(ORCAP-36038): "No_connect" property on Pin "U5.60" ignored for U5: EnergyTrace LaunchPad, 4_XDS110 (205.74, 22.86). Connecting pin to net "N949243".
#17 WARNING(ORCAP-36038): "No_connect" property on Pin "U33.2" ignored for U33: EnergyTrace LaunchPad, 5_EnergyTrace (45.72, 40.64). Connecting pin to net "N3002611".
#18 WARNING(ORCAP-36038): "No_connect" property on Pin "P8.4" ignored for P8: EnergyTrace LaunchPad, 4_XDS110 (132.08, 67.31). Connecting pin to net "ITCK".
#19 WARNING(ORCAP-36038): "No_connect" property on Pin "U5.59" ignored for U5: EnergyTrace LaunchPad, 4_XDS110 (318.77, 193.55). Connecting pin to net "N949375".
#20 WARNING(ORCAP-36038): "No_connect" property on Pin "U5.74" ignored for U5: EnergyTrace LaunchPad, 4_XDS110 (205.74, 22.86). Connecting pin to net "ET_CAL0".
#21 WARNING(ORCAP-36038): "No_connect" property on Pin "U5.73" ignored for U5: EnergyTrace LaunchPad, 4_XDS110 (205.74, 22.86). Connecting pin to net "ET_CAL1".
#22 WARNING(ORCAP-36038): "No_connect" property on Pin "U5.23" ignored for U5: EnergyTrace LaunchPad, 4_XDS110 (205.74, 22.86). Connecting pin to net "ET_CAL2".
#23 WARNING(ORCAP-36038): "No_connect" property on Pin "U38.9" ignored for U38: EnergyTrace LaunchPad, 5_EnergyTrace (45.72, 147.32). Connecting pin to net "GND".
#24 WARNING(ORCAP-36038): "No_connect" property on Pin "U38.7" ignored for U38: EnergyTrace LaunchPad, 5_EnergyTrace (45.72, 147.32). Connecting pin to net "GND".
#25 WARNING(ORCAP-36038): "No_connect" property on Pin "U38.10" ignored for U38: EnergyTrace LaunchPad, 5_EnergyTrace (45.72, 147.32). Connecting pin to net "GND".
#26 WARNING(ORCAP-36038): "No_connect" property on Pin "U5.81" ignored for U5: EnergyTrace LaunchPad, 4_XDS110 (205.74, 22.86). Connecting pin to net "USBD0".
#27 WARNING(ORCAP-36038): "No_connect" property on Pin "U5.82" ignored for U5: EnergyTrace LaunchPad, 4_XDS110 (205.74, 22.86). Connecting pin to net "USBD1".
#28 WARNING(ORCAP-36038): "No_connect" property on Pin "U5.83" ignored for U5: EnergyTrace LaunchPad, 4_XDS110 (205.74, 22.86). Connecting pin to net "USBD2".
#29 WARNING(ORCAP-36038): "No_connect" property on Pin "U5.84" ignored for U5: EnergyTrace LaunchPad, 4_XDS110 (205.74, 22.86). Connecting pin to net "USBD3".
#30 WARNING(ORCAP-36038): "No_connect" property on Pin "U5.85" ignored for U5: EnergyTrace LaunchPad, 4_XDS110 (205.74, 22.86). Connecting pin to net "USBD4".
#31 WARNING(ORCAP-36038): "No_connect" property on Pin "U5.86" ignored for U5: EnergyTrace LaunchPad, 4_XDS110 (205.74, 22.86). Connecting pin to net "USBD5".
#32 WARNING(ORCAP-36038): "No_connect" property on Pin "U5.106" ignored for U5: EnergyTrace LaunchPad, 4_XDS110 (205.74, 22.86). Connecting pin to net "USBD6".
#33 WARNING(ORCAP-36038): "No_connect" property on Pin "U5.105" ignored for U5: EnergyTrace LaunchPad, 4_XDS110 (205.74, 22.86). Connecting pin to net "USBD7".
#34 WARNING(ORCAP-36038): "No_connect" property on Pin "U5.103" ignored for U5: EnergyTrace LaunchPad, 4_XDS110 (205.74, 22.86). Connecting pin to net "USBNXT".
#35 WARNING(ORCAP-36038): "No_connect" property on Pin "U5.120" ignored for U5: EnergyTrace LaunchPad, 4_XDS110 (205.74, 22.86). Connecting pin to net "ET_SSICLK".
#36 WARNING(ORCAP-36038): "No_connect" property on Pin "U5.123" ignored for U5: EnergyTrace LaunchPad, 4_XDS110 (205.74, 22.86). Connecting pin to net "ET_SSIDAT0".
#37 WARNING(ORCAP-36038): "No_connect" property on Pin "U5.124" ignored for U5: EnergyTrace LaunchPad, 4_XDS110 (205.74, 22.86). Connecting pin to net "ET_SSIDAT1".
#38 WARNING(ORCAP-36038): "No_connect" property on Pin "U5.121" ignored for U5: EnergyTrace LaunchPad, 4_XDS110 (205.74, 22.86). Connecting pin to net "ET_SSIFSS".
#39 WARNING(ORCAP-36038): "No_connect" property on Pin "U5.76" ignored for U5: EnergyTrace LaunchPad, 4_XDS110 (205.74, 22.86). Connecting pin to net "ET_PM2".
#40 WARNING(ORCAP-36006): Part Name "ANTENNA_PCB_0_ANTENNA_DN024N_DISCRETE_DNM" is renamed to "ANTENNA_PCB_0_ANTENNA_DN024N_DI".
#41 WARNING(ORCAP-36006): Part Name "CAPACITOR_CAPC1005X60B2N_DISCRETE_12PF" is renamed to "CAPACITOR_CAPC1005X60B2N_DISCRE".
#42 WARNING(ORCAP-36006): Part Name "CAPACITOR_CAPC1005X60B2N_DISCRETE_0.1UF" is renamed to "CAPACITOR_CAPC1005X60B2N_DISC_1".
#43 WARNING(ORCAP-36006): Part Name "CAPACITOR_CAPC1005X60A2N_DISCRETE_33NF_CAPC1005X60A2L,CAPC1005X60A2M" is renamed to "CAPACITOR_CAPC1005X60A2N_DISCRE".
#44 WARNING(ORCAP-36006): Part Name "CAPACITOR_CAPC1005X60B2N_DISCRETE_10NF" is renamed to "CAPACITOR_CAPC1005X60B2N_DISC_2".
#45 WARNING(ORCAP-36006): Part Name "CAPACITOR_CAPC1005X60B2N_DISCRETE_1UF_CAPC1005X60A2L,CAPC1005X60A2M" is renamed to "CAPACITOR_CAPC1005X60B2N_DISC_3".
#46 WARNING(ORCAP-36006): Part Name "CAPACITOR_CAPC1005X60B2N_DISCRETE_3.6PF" is renamed to "CAPACITOR_CAPC1005X60B2N_DISC_4".
#47 WARNING(ORCAP-36006): Part Name "CAPACITOR_CAPC1608X90A2N_DISCRETE_3.3UF_CAPC1608X90A2L,CAPC1608X90A2M" is renamed to "CAPACITOR_CAPC1608X90A2N_DISCRE".
#48 WARNING(ORCAP-36006): Part Name "CAPACITOR_POL_8_CAPMP7343X430A2N_DISCRETE_220UF_CAPMP7343X430A2L,CAPMP7343X430A2M" is renamed to "CAPACITOR_POL_8_CAPMP7343X430A2".
#49 WARNING(ORCAP-36006): Part Name "CAPACITOR_CAPC1608X100A2N_DISCRETE_22UF_CAPC1608X100A2L,CAPC1608X100A2M" is renamed to "CAPACITOR_CAPC1608X100A2N_DISCR".
#50 WARNING(ORCAP-36006): Part Name "CAPACITOR_CAPC2012X150A2N_DISCRETE_10UF_CAPC2012X150A2L,CAPC2012X150A2M" is renamed to "CAPACITOR_CAPC2012X150A2N_DISCR".
#51 WARNING(ORCAP-36006): Part Name "CAPACITOR_CAPC1005X60B2N_DISCRETE_270PF" is renamed to "CAPACITOR_CAPC1005X60B2N_DISC_5".
#52 WARNING(ORCAP-36006): Part Name "CAPACITOR_CAPC1005X60B2N_DISCRETE_DNM" is renamed to "CAPACITOR_CAPC1005X60B2N_DISC_6".
#53 WARNING(ORCAP-36006): Part Name "CAPACITOR_CAPC1005X60A2N_DISCRETE_470PF_CAPC1005X60A2L,CAPC1005X60A2M" is renamed to "CAPACITOR_CAPC1005X60A2N_DISC_1".
#54 WARNING(ORCAP-36006): Part Name "CAPACITOR_CAPC1005X60A2N_DISCRETE_1NF_CAPC1005X60A2L,CAPC1005X60A2M" is renamed to "CAPACITOR_CAPC1005X60A2N_DISC_2".
#55 WARNING(ORCAP-36006): Part Name "CAPACITOR_CAPC1005X60A2N_DISCRETE_22NF_CAPC1005X60A2L,CAPC1005X60A2M" is renamed to "CAPACITOR_CAPC1005X60A2N_DISC_3".
#56 WARNING(ORCAP-36006): Part Name "CAPACITOR_CAPC1005X60A2N_DISCRETE_2.2UF_CAPC1005X60A2L,CAPC1005X60A2M" is renamed to "CAPACITOR_CAPC1005X60A2N_DISC_4".
#57 WARNING(ORCAP-36006): Part Name "CAPACITOR_CAPC2012X150A2N_DISCRETE_47UF_CAPC2012X150A2L,CAPC2012X150A2M" is renamed to "CAPACITOR_CAPC2012X150A2N_DIS_1".
#58 WARNING(ORCAP-36006): Part Name "CAPACITOR_CAPC1005X60B2N_DISCRETE_15PF" is renamed to "CAPACITOR_CAPC1005X60B2N_DISC_7".
#59 WARNING(ORCAP-36006): Part Name "CAPACITOR_CAPC1005X60A2N_DISCRETE_DNM_CAPC1005X60A2L,CAPC1005X60A2M" is renamed to "CAPACITOR_CAPC1005X60A2N_DISC_5".
#60 WARNING(ORCAP-36006): Part Name "CAPACITOR_CAPC1005X60B2N_DISCRETE_100PF" is renamed to "CAPACITOR_CAPC1005X60B2N_DISC_8".
#61 WARNING(ORCAP-36006): Part Name "CAPACITOR_CAPC1005X60B2N_DISCRETE_2.7PF" is renamed to "CAPACITOR_CAPC1005X60B2N_DISC_9".
#62 WARNING(ORCAP-36006): Part Name "CAPACITOR_CAPC1005X60B2N_DISCRETE_6.2PF" is renamed to "CAPACITOR_CAPC1005X60B2N_DIS_10".
#63 WARNING(ORCAP-36006): Part Name "CAPACITOR_CAPC1005X60B2N_DISCRETE_3PF" is renamed to "CAPACITOR_CAPC1005X60B2N_DIS_11".
#64 WARNING(ORCAP-36006): Part Name "CAPACITOR_CAPC0603X35B2N_DISCRETE_100NF_CAPC0603X35B2L,CAPC0603X35B2M" is renamed to "CAPACITOR_CAPC0603X35B2N_DISCRE".
#65 WARNING(ORCAP-36006): Part Name "CAPACITOR_CAPC1005X60B2N_DISCRETE_4.7UF" is renamed to "CAPACITOR_CAPC1005X60B2N_DIS_12".
#66 WARNING(ORCAP-36006): Part Name "LED_0_LEDC1707X65N_IC_LPL296-J2L2-25_LEDC1707X65L,LEDC1707X65M" is renamed to "LED_0_LEDC1707X65N_IC_LPL296-J2".
#67 WARNING(ORCAP-36006): Part Name "DIODE_ZENER_1_SODFL2512X80A2N_IC_DNM_SODFL2512X80A2L,SODFL2512X80A2M" is renamed to "DIODE_ZENER_1_SODFL2512X80A2N_I".
#68 WARNING(ORCAP-36006): Part Name "DIODE_SCHOTTKY_2_SOD3716X135N_IC_NRVB130T1G_SOD3716X135L,SOD3716X135M,SOD3716X135BN" is renamed to "DIODE_SCHOTTKY_2_SOD3716X135N_I".
#69 WARNING(ORCAP-36006): Part Name "LED_0_LEDC1708X67N_IC_LS L296-P2Q2-1_LEDC1708X67L,LEDC1708X67M" is renamed to "LED_0_LEDC1708X67N_IC_LS L296-P".
#70 WARNING(ORCAP-36006): Part Name "DIODE_TVS_TPD4E004_SON6_SON50P100X145X60-6B2N_IC_TPD4E004DRY_SON50P100X145X65-6L,SON50P100X145X65-6M" is renamed to "DIODE_TVS_TPD4E004_SON6_SON50P1".
#71 WARNING(ORCAP-36006): Part Name "DIODE_TVS_TPD6E004_QFN8_V1_QFN50P150X150X60-8N_IC_TPD6E004RSER_QFN50P150X150X60-8L,QFN50P150X150X60-8M" is renamed to "DIODE_TVS_TPD6E004_QFN8_V1_QFN5".
#72 WARNING(ORCAP-36006): Part Name "FILTER_2PIN_FIL_BLM18HE152SN1DN_IC_BLM18HE152SN1_FIL_BLM18HE152SN1DL,FIL_BLM18HE152SN1DM" is renamed to "FILTER_2PIN_FIL_BLM18HE152SN1DN".
#73 WARNING(ORCAP-36006): Part Name "INDUCTOR_3_FILC2012X110A2N_DISCRETE_BLM21PG221SN1_FILC2012X110A2L,FILC2012X110A2M" is renamed to "INDUCTOR_3_FILC2012X110A2N_DISC".
#74 WARNING(ORCAP-36006): Part Name "INDUCTOR_4_FILC2012X110A2N_DISCRETE_BLM21PG221SN1_FILC2012X110A2L,FILC2012X110A2M" is renamed to "INDUCTOR_4_FILC2012X110A2N_DISC".
#75 WARNING(ORCAP-36006): Part Name "INDUCTOR_5_FILC2012X110A2N_DISCRETE_BLM21PG221SN1_FILC2012X110A2L,FILC2012X110A2M" is renamed to "INDUCTOR_5_FILC2012X110A2N_DISC".
#76 WARNING(ORCAP-36006): Part Name "CONN_HEADER_2X10_J_S_V1_SAMTEC_SSQ11023LD_A2B_IO_SSQ-110-23-L-D_SAMTEC_SSQ11023LD_A2C,SAMTEC_SSQ11023LD_A2A" is renamed to "CONN_HEADER_2X10_J_S_V1_SAMTEC_".
#77 WARNING(ORCAP-36006): Part Name "CONN_USB_MICRO_B_2MH_MOLEX_1051640001_B2N_IO_105164-0001_MOLEX_1051640001_B2L,MOLEX_1051640001_B2M" is renamed to "CONN_USB_MICRO_B_2MH_MOLEX_1051".
#78 WARNING(ORCAP-36006): Part Name "CONN_COAX_1_4_HUSTSAN_SMA10V21TGGAN_IO_SMA-10V21-TGG_HUSTSAN_SMA10V21TGGL,HUSTSAN_SMA10V21TGGM" is renamed to "CONN_COAX_1_4_HUSTSAN_SMA10V21T".
#79 WARNING(ORCAP-36006): Part Name "INDUCTOR_4_INDC2012X150A2N_DISCRETE_6.8UH_INDC2012X150A2L,INDC2012X150A2M" is renamed to "INDUCTOR_4_INDC2012X150A2N_DISC".
#80 WARNING(ORCAP-36006): Part Name "INDUCTOR_HOR_1_1_INDC1005X60D2N_DISCRETE_7.5NH" is renamed to "INDUCTOR_HOR_1_1_INDC1005X60D2N".
#81 WARNING(ORCAP-36006): Part Name "INDUCTOR_HOR_1_0_INDC1005X60D2N_DISCRETE_27NH" is renamed to "INDUCTOR_HOR_1_0_INDC1005X60D2N".
#82 WARNING(ORCAP-36006): Part Name "INDUCTOR_HOR_1_1_INDC1005X60D2N_DISCRETE_6.8NH" is renamed to "INDUCTOR_HOR_1_1_INDC1005X60D_1".
#83 WARNING(ORCAP-36006): Part Name "CE_LABEL_V1_CE_MARKING_MECHANICAL_CE_LABEL" is renamed to "CE_LABEL_V1_CE_MARKING_MECHANIC".
#84 WARNING(ORCAP-36006): Part Name "TI_LOGO_V1_TI_LOGO_1_MECHANICAL_DNM" is renamed to "TI_LOGO_V1_TI_LOGO_1_MECHANICAL".
#85 WARNING(ORCAP-36006): Part Name "LABEL_FOR_EVALUATOIN_ONLY_LABEL_FOR_EVALUATION_ONLY_MECHANICAL_DNM" is renamed to "LABEL_FOR_EVALUATOIN_ONLY_LABEL".
#86 WARNING(ORCAP-36006): Part Name "TRASH_V2_TRASH_7MM_MECHANICAL_TRASH_7MM" is renamed to "TRASH_V2_TRASH_7MM_MECHANICAL_T".
#87 WARNING(ORCAP-36006): Part Name "MECH_SHUNT_JUMPER_V1_SAMTEC_SNT100BKG_MECHANICAL_SNT-100-BK-G" is renamed to "MECH_SHUNT_JUMPER_V1_SAMTEC_SNT".
#88 WARNING(ORCAP-36006): Part Name "MECH_SPACERS_SUPPORT_V1_MECH_DCB10_A2B_MECHANICAL_DCB-10" is renamed to "MECH_SPACERS_SUPPORT_V1_MECH_DC".
#89 WARNING(ORCAP-36006): Part Name "CONN_HEADER_3_P_S_GRADCONN_BB02HC031KB1603000_A2B_IO_BB02-HC031-KB1-603000_GRADCONN_BB02HC031KB1603000_A2C,GRADCONN_BB02HC031KB1603000_A2A" is renamed to "CONN_HEADER_3_P_S_GRADCONN_BB02".
#90 WARNING(ORCAP-36006): Part Name "CONN_HEADER_2X11_P_S_GRADCONN_BB02HJ221KB160300_A2B_IO_BB02-HJ221-KB1-603000_GRADCONN_BB02HJ221KB160300_A2C,GRADCONN_BB02HJ221KB160300_A2A" is renamed to "CONN_HEADER_2X11_P_S_GRADCONN_B".
#91 WARNING(ORCAP-36006): Part Name "CONN_HEADER_2X5_SAMTEC_FTSH10501FDVK_A2N_IO_FTSH-105-01-F-DV-K_SAMTEC_FTSH10501FDVK_A2L,SAMTEC_FTSH10501FDVK_A2M" is renamed to "CONN_HEADER_2X5_SAMTEC_FTSH1050".
#92 WARNING(ORCAP-36006): Part Name "CONN_HEADER_2X2_P_GRADCONN_BB02HJ041KB1603000_A2B_IO_BB02-HJ041-KB1-603000_GRADCONN_BB02HJ041KB1603000_A2C,GRADCONN_BB02HJ041KB1603000_A2A" is renamed to "CONN_HEADER_2X2_P_GRADCONN_BB02".
#93 WARNING(ORCAP-36006): Part Name "CONN_IDC_TC2050-IDC-NL_TAGCONNECT_TC2050IDCNL_A2N_IO_DNM_TAGCONNECT_TC2050IDCNL_A2L,TAGCONNECT_TC2050IDCNL_A2M" is renamed to "CONN_IDC_TC2050-IDC-NL_TAGCONNE".
#94 WARNING(ORCAP-36006): Part Name "PCB_V2_TI_MCUXX_MECHANICAL_AS PER FAB DRAWING-WCS042" is renamed to "PCB_V2_TI_MCUXX_MECHANICAL_AS P".
#95 WARNING(ORCAP-36006): Part Name "RESISTOR_RESC1005X40B2N_DISCRETE_100K" is renamed to "RESISTOR_RESC1005X40B2N_DISCRET".
#96 WARNING(ORCAP-36006): Part Name "RESISTOR_RESC1005X40B2N_DISCRETE_0" is renamed to "RESISTOR_RESC1005X40B2N_DISCR_1".
#97 WARNING(ORCAP-36006): Part Name "RESISTOR_RESC1005X40A2N_DISCRETE_1.2K_RESC1005X40A2L,RESC1005X40A2M" is renamed to "RESISTOR_RESC1005X40A2N_DISCRET".
#98 WARNING(ORCAP-36006): Part Name "RESISTOR_RESC1005X40A2N_DISCRETE_330_RESC1005X40A2L,RESC1005X40A2M" is renamed to "RESISTOR_RESC1005X40A2N_DISCR_1".
#99 WARNING(ORCAP-36006): Part Name "RESISTOR_RESC1005X40A2N_DISCRETE_4.99_RESC1005X40A2L,RESC1005X40A2M" is renamed to "RESISTOR_RESC1005X40A2N_DISCR_2".
#100 WARNING(ORCAP-36006): Part Name "RESISTOR_RESC1005X40A2N_DISCRETE_10_RESC1005X40A2L,RESC1005X40A2M" is renamed to "RESISTOR_RESC1005X40A2N_DISCR_3".
#101 WARNING(ORCAP-36006): Part Name "RESISTOR_RESC1005X40B2N_DISCRETE_DNM" is renamed to "RESISTOR_RESC1005X40B2N_DISCR_2".
#102 WARNING(ORCAP-36006): Part Name "RESISTOR_RESC3246X70A2N_DISCRETE_1_RESC3246X70A2L,RESC3246X70A2M" is renamed to "RESISTOR_RESC3246X70A2N_DISCRET".
#103 WARNING(ORCAP-36006): Part Name "RESISTOR_RESC1005X40A2N_DISCRETE_2.2K_RESC1005X40A2L,RESC1005X40A2M" is renamed to "RESISTOR_RESC1005X40A2N_DISCR_4".
#104 WARNING(ORCAP-36006): Part Name "RESISTOR_RESC1005X40A2N_DISCRETE_DNM_RESC1005X40A2L,RESC1005X40A2M" is renamed to "RESISTOR_RESC1005X40A2N_DISCR_5".
#105 WARNING(ORCAP-36006): Part Name "RESISTOR_RESC1005X40A2N_DISCRETE_60.4K_RESC1005X40A2L,RESC1005X40A2M" is renamed to "RESISTOR_RESC1005X40A2N_DISCR_6".
#106 WARNING(ORCAP-36006): Part Name "RESISTOR_RESC1608X55A2N_DISCRETE_0_RESC1608X55A2L,RESC1608X55A2M" is renamed to "RESISTOR_RESC1608X55A2N_DISCRET".
#107 WARNING(ORCAP-36006): Part Name "RESISTOR_RESC1005X40A2N_DISCRETE_22K_RESC1005X40A2L,RESC1005X40A2M" is renamed to "RESISTOR_RESC1005X40A2N_DISCR_7".
#108 WARNING(ORCAP-36006): Part Name "RESISTOR_RESC1005X50A2N_DISCRETE_0.22_RESC1005X50A2L,RESC1005X50A2M" is renamed to "RESISTOR_RESC1005X50A2N_DISCRET".
#109 WARNING(ORCAP-36006): Part Name "RESISTOR_RESC3216X75A2N_DISCRETE_82_RESC3216X75A2L,RESC3216X75A2M" is renamed to "RESISTOR_RESC3216X75A2N_DISCRET".
#110 WARNING(ORCAP-36006): Part Name "RESISTOR_RESC3225X75A2N_DISCRETE_36.5_RESC3225X75A2L,RESC3225X75A2M" is renamed to "RESISTOR_RESC3225X75A2N_DISCRET".
#111 WARNING(ORCAP-36006): Part Name "RESISTOR_RESC1005X40A2N_DISCRETE_4.7K_RESC1005X40A2L,RESC1005X40A2M" is renamed to "RESISTOR_RESC1005X40A2N_DISCR_8".
#112 WARNING(ORCAP-36006): Part Name "RESISTOR_RESC1005X40A2N_DISCRETE_47K_RESC1005X40A2L,RESC1005X40A2M" is renamed to "RESISTOR_RESC1005X40A2N_DISCR_9".
#113 WARNING(ORCAP-36006): Part Name "RESISTOR_RESC1005X40B2N_DISCRETE_51K" is renamed to "RESISTOR_RESC1005X40B2N_DISCR_3".
#114 WARNING(ORCAP-36006): Part Name "RESISTOR_RESC1005X40B2N_DISCRETE_30K" is renamed to "RESISTOR_RESC1005X40B2N_DISCR_4".
#115 WARNING(ORCAP-36006): Part Name "RESISTOR_RESC1005X40A2N_DISCRETE_2.61K_RESC1005X40A2L,RESC1005X40A2M" is renamed to "RESISTOR_RESC1005X40A2N_DISC_10".
#116 WARNING(ORCAP-36006): Part Name "RESISTOR_RESC1005X40B2N_DISCRETE_220" is renamed to "RESISTOR_RESC1005X40B2N_DISCR_5".
#117 WARNING(ORCAP-36006): Part Name "RESISTOR_RESC1005X40B2N_DISCRETE_180" is renamed to "RESISTOR_RESC1005X40B2N_DISCR_6".
#118 WARNING(ORCAP-36006): Part Name "RESISTOR_RESC1005X40B2N_DISCRETE_1M" is renamed to "RESISTOR_RESC1005X40B2N_DISCR_7".
#119 WARNING(ORCAP-36006): Part Name "RESISTOR_RESC1005X40A2N_DISCRETE_390K_RESC1005X40A2L,RESC1005X40A2M" is renamed to "RESISTOR_RESC1005X40A2N_DISC_11".
#120 WARNING(ORCAP-36006): Part Name "RESISTOR_RESC1005X40A2N_DISCRETE_10K_RESC1005X40A2L,RESC1005X40A2M" is renamed to "RESISTOR_RESC1005X40A2N_DISC_12".
#121 WARNING(ORCAP-36006): Part Name "RESISTOR_RESC1005X40B2N_DISCRETE_3.3K" is renamed to "RESISTOR_RESC1005X40B2N_DISCR_8".
#122 WARNING(ORCAP-36006): Part Name "RESISTOR_RESC1005X40B2N_DISCRETE_100" is renamed to "RESISTOR_RESC1005X40B2N_DISCR_9".
#123 WARNING(ORCAP-36006): Part Name "RESISTOR_RESC1005X40B2N_DISCRETE_1K" is renamed to "RESISTOR_RESC1005X40B2N_DISC_10".
#124 WARNING(ORCAP-36006): Part Name "RESISTOR_RESC1005X40B2N_DISCRETE_4.87K" is renamed to "RESISTOR_RESC1005X40B2N_DISC_11".
#125 WARNING(ORCAP-36006): Part Name "RESISTOR_RESC1005X40B2N_DISCRETE_51" is renamed to "RESISTOR_RESC1005X40B2N_DISC_12".
#126 WARNING(ORCAP-36006): Part Name "RESISTOR_RESC1005X40B2N_DISCRETE_33K" is renamed to "RESISTOR_RESC1005X40B2N_DISC_13".
#127 WARNING(ORCAP-36006): Part Name "RESISTOR_RESC1608X55A2N_DISCRETE_DNM_RESC1608X55A2L,RESC1608X55A2M" is renamed to "RESISTOR_RESC1608X55A2N_DISCR_1".
#128 WARNING(ORCAP-36006): Part Name "RESISTOR_RESC0603X35B2N_DISCRETE_10K_RESC0603X35B2L,RESC0603X35B2M" is renamed to "RESISTOR_RESC0603X35B2N_DISCRET".
#129 WARNING(ORCAP-36006): Part Name "RESISTOR_RESC0603X35B2N_DISCRETE_12K_RESC0603X35B2L,RESC0603X35B2M" is renamed to "RESISTOR_RESC0603X35B2N_DISCR_1".
#130 WARNING(ORCAP-36006): Part Name "RESISTOR_RESC0603X35B2N_DISCRETE_1K_RESC0603X35B2L,RESC0603X35B2M" is renamed to "RESISTOR_RESC0603X35B2N_DISCR_2".
#131 WARNING(ORCAP-36006): Part Name "RESISTOR_RESC0603X35B2N_DISCRETE_20K_RESC0603X35B2L,RESC0603X35B2M" is renamed to "RESISTOR_RESC0603X35B2N_DISCR_3".
#132 WARNING(ORCAP-36006): Part Name "RESISTOR_RESC1005X40A2N_DISCRETE_22_RESC1005X40A2L,RESC1005X40A2M" is renamed to "RESISTOR_RESC1005X40A2N_DISC_13".
#133 WARNING(ORCAP-36006): Part Name "SWITCH_TACT_V2_SW_1188E1K2V_A2N_IC_1188E-1K2_SW_1188E1K2V_A2L,SW_1188E1K2V_A2M" is renamed to "SWITCH_TACT_V2_SW_1188E1K2V_A2N".
#134 WARNING(ORCAP-36006): Part Name "IC_RF_CC1312R1F3_VQFN48_QFNFC50P700X700X100-49A2N_IC_(S1+S2)_CC1312R1F3RGZ_QFNFC50P700X700X100-49A2L,QFNFC50P700X700X100-49A2M" is renamed to "IC_RF_CC1312R1F3_VQFN48_QFNFC50".
#135 WARNING(ORCAP-36006): Part Name "IC_XCVR_SN74AVC4T245_UQFN16_2_QFNFC40P180X260X55-16A2N_IC_SN74AVC4T245RSV_QFNFC40P180X260X55-16A2L,QFNFC40P180X260X55-16A2M" is renamed to "IC_XCVR_SN74AVC4T245_UQFN16_2_Q".
#136 WARNING(ORCAP-36042): Pin "GND" is renamed to "GND#10" as visible power pin of same name already exists in Package IC_XCVR_SN74AVC4T245_UQFN16_2 , U10: EnergyTrace LaunchPad, 3_Debugger Interface (274.32, 195.58).
#137 WARNING(ORCAP-36042): Pin "GND" is renamed to "GND#11" as visible power pin of same name already exists in Package IC_XCVR_SN74AVC4T245_UQFN16_2 , U10: EnergyTrace LaunchPad, 3_Debugger Interface (274.32, 195.58).
#138 WARNING(ORCAP-36006): Part Name "IC_PROC_USB3300_QFN32_QFNWB50P500X500X100-33N_IC_USB3300-EZK_QFNWB50P500X500X100-33L,QFNWB50P500X500X100-33M,QFNWB50P500X500X100-33DL,QFNWB50P500X500X100-33DM" is renamed to "IC_PROC_USB3300_QFN32_QFNWB50P5".
#139 WARNING(ORCAP-36042): Pin "GND" is renamed to "GND#1" as visible power pin of same name already exists in Package IC_PROC_USB3300_QFN32 , U15: EnergyTrace LaunchPad, 4_XDS110 (96.52, 114.30).
#140 WARNING(ORCAP-36042): Pin "GND" is renamed to "GND#2" as visible power pin of same name already exists in Package IC_PROC_USB3300_QFN32 , U15: EnergyTrace LaunchPad, 4_XDS110 (96.52, 114.30).
#141 WARNING(ORCAP-36042): Pin "VDD3.3" is renamed to "VDD3.3#6" as visible power pin of same name already exists in Package IC_PROC_USB3300_QFN32 , U15: EnergyTrace LaunchPad, 4_XDS110 (96.52, 114.30).
#142 WARNING(ORCAP-36042): Pin "VDD1.8" is renamed to "VDD1.8#15" as visible power pin of same name already exists in Package IC_PROC_USB3300_QFN32 , U15: EnergyTrace LaunchPad, 4_XDS110 (96.52, 114.30).
#143 WARNING(ORCAP-36042): Pin "VDD3.3" is renamed to "VDD3.3#16" as visible power pin of same name already exists in Package IC_PROC_USB3300_QFN32 , U15: EnergyTrace LaunchPad, 4_XDS110 (96.52, 114.30).
#144 WARNING(ORCAP-36042): Pin "VDD3.3" is renamed to "VDD3.3#25" as visible power pin of same name already exists in Package IC_PROC_USB3300_QFN32 , U15: EnergyTrace LaunchPad, 4_XDS110 (96.52, 114.30).
#145 WARNING(ORCAP-36042): Pin "VDD1.8" is renamed to "VDD1.8#26" as visible power pin of same name already exists in Package IC_PROC_USB3300_QFN32 , U15: EnergyTrace LaunchPad, 4_XDS110 (96.52, 114.30).
#146 WARNING(ORCAP-36042): Pin "VDD3.3" is renamed to "VDD3.3#30" as visible power pin of same name already exists in Package IC_PROC_USB3300_QFN32 , U15: EnergyTrace LaunchPad, 4_XDS110 (96.52, 114.30).
#147 WARNING(ORCAP-36006): Part Name "IC_SWITCH_TS3A24159_SON10_SON50P300X300X100-11A2N_IC_TS3A24159DRC_SON50P300X300X100-11A2L,SON50P300X300X100-11A2M" is renamed to "IC_SWITCH_TS3A24159_SON10_SON50".
#148 WARNING(ORCAP-36006): Part Name "IC_LOGIC_SN74LVC2G74_VSSOP8_SOP50P310X90-8N_IC_SN74LVC2G74DCU_SOP50P310X90-8L,SOP50P310X90-8M" is renamed to "IC_LOGIC_SN74LVC2G74_VSSOP8_SOP".
#149 WARNING(ORCAP-36006): Part Name "IC_ADC_ADS127L01_QFP32_0_QFP50P700X700X120-32A2N_IC_ADS127L01IPBS_QFP50P700X700X120-32A2L,QFP50P700X700X120-32A2M" is renamed to "IC_ADC_ADS127L01_QFP32_0_QFP50P".
#150 WARNING(ORCAP-36042): Pin "AGND" is renamed to "AGND#5" as visible power pin of same name already exists in Package IC_ADC_ADS127L01_QFP32_0 , U35: EnergyTrace LaunchPad, 5_EnergyTrace (279.40, 78.74).
#151 WARNING(ORCAP-36042): Pin "AGND" is renamed to "AGND#31" as visible power pin of same name already exists in Package IC_ADC_ADS127L01_QFP32_0 , U35: EnergyTrace LaunchPad, 5_EnergyTrace (279.40, 78.74).
#152 WARNING(ORCAP-36042): Pin "AVDD" is renamed to "AVDD#6" as visible power pin of same name already exists in Package IC_ADC_ADS127L01_QFP32_0 , U35: EnergyTrace LaunchPad, 5_EnergyTrace (279.40, 78.74).
#153 WARNING(ORCAP-36042): Pin "AVDD" is renamed to "AVDD#32" as visible power pin of same name already exists in Package IC_ADC_ADS127L01_QFP32_0 , U35: EnergyTrace LaunchPad, 5_EnergyTrace (279.40, 78.74).
#154 WARNING(ORCAP-36006): Part Name "IC_OPAMP_INA118U_SO8_SOIC127P600X175-8A2N_IC_INA118UB_SOIC127P600X175-8A2L,SOIC127P600X175-8A2M" is renamed to "IC_OPAMP_INA118U_SO8_SOIC127P60".
#155 WARNING(ORCAP-36006): Part Name "IC_OPAMP_THS4551_QFN10_QFNFCP50P200X200X80-10A2N_IC_THS4551IRUN_QFNFCP50P200X200X80-10A2L,QFNFCP50P200X200X80-10A2M" is renamed to "IC_OPAMP_THS4551_QFN10_QFNFCP50".
#156 WARNING(ORCAP-36006): Part Name "IC_SWITCH_TS3A4751_QFN14_QFNFC40P200X200X40-14A2N_IC_TS3A4751RUCR_QFNFC40P200X200X40-14A2L,QFNFC40P200X200X40-14A2M" is renamed to "IC_SWITCH_TS3A4751_QFN14_QFNFC4".
#157 WARNING(ORCAP-36006): Part Name "IC_FLASH_MX25R8035F_USON8_SON50P300X200X60-9B2N_IC_MX25R8035FZUIL0_SON50P300X200X60-9B2L,SON50P300X200X60-9B2M" is renamed to "IC_FLASH_MX25R8035F_USON8_SON50".
#158 WARNING(ORCAP-36006): Part Name "IC_REF_REF6025_VSSOP8_SOP65P490X110-8A2N_IC_REF6025IDGK_SOP65P490X110-8A2L,SOP65P490X110-8A2M" is renamed to "IC_REF_REF6025_VSSOP8_SOP65P490".
#159 WARNING(ORCAP-36006): Part Name "IC_OPAMP_OPA320_SOT23-5_SOT95P280X145-5A2N_IC_OPA320AIDBV_SOT95P280X145-5A2L,SOT95P280X145-5A2M" is renamed to "IC_OPAMP_OPA320_SOT23-5_SOT95P2".
#160 WARNING(ORCAP-36006): Part Name "IC_PM_TPS79601_SON8_SON65P300X300X100-9AN_IC_TPS79601DR_SON65P300X300X100-9AL,SON65P300X300X100-9AM" is renamed to "IC_PM_TPS79601_SON8_SON65P300X3".
#161 WARNING(ORCAP-36042): Pin "IN" is renamed to "IN#2" as visible power pin of same name already exists in Package IC_PM_TPS79601_SON8 , U42: EnergyTrace LaunchPad, 6_EnergyTrace Power (116.84, 88.90).
#162 WARNING(ORCAP-36042): Pin "OUT" is renamed to "OUT#4" as visible power pin of same name already exists in Package IC_PM_TPS79601_SON8 , U42: EnergyTrace LaunchPad, 6_EnergyTrace Power (116.84, 88.90).
#163 WARNING(ORCAP-36042): Pin "IN" is renamed to "IN#1" as visible power pin of same name already exists in Package IC_PM_TPS79601_SON8 , U42: EnergyTrace LaunchPad, 6_EnergyTrace Power (116.84, 88.90).
#164 WARNING(ORCAP-36042): Pin "OUT" is renamed to "OUT#3" as visible power pin of same name already exists in Package IC_PM_TPS79601_SON8 , U42: EnergyTrace LaunchPad, 6_EnergyTrace Power (116.84, 88.90).
#165 WARNING(ORCAP-36006): Part Name "IC_PM_LP5907-1_8_SOT23-5_SOT95P280X145-5A2N_IC_LP5907MFX-1.8_SOT95P280X145-5A2L,SOT95P280X145-5A2M" is renamed to "IC_PM_LP5907-1_8_SOT23-5_SOT95P".
#166 WARNING(ORCAP-36006): Part Name "IC_PM_TPS73101_SOT23-5_SOT95P280X145-5A2N_IC_TPS73101DBV_SOT95P280X145-5A2L,SOT95P280X145-5A2M" is renamed to "IC_PM_TPS73101_SOT23-5_SOT95P28".
#167 WARNING(ORCAP-36006): Part Name "IC_OPAMP_OPA314_SC70-5_SOT65P210X110-5A2N_IC_DNM_SOT65P210X110-5A2L,SOT65P210X110-5A2M" is renamed to "IC_OPAMP_OPA314_SC70-5_SOT65P21".
#168 WARNING(ORCAP-36006): Part Name "IC_PM_TPS259530_WSON8_SON50P200X200X80-9A2N_IC_TPS259530DSG_SON50P200X200X80-9A2L,SON50P200X200X80-9A2M" is renamed to "IC_PM_TPS259530_WSON8_SON50P200".
#169 WARNING(ORCAP-36042): Pin "IN" is renamed to "IN#3" as visible power pin of same name already exists in Package IC_PM_TPS259530_WSON8 , U47: EnergyTrace LaunchPad, 4_XDS110 (45.72, 226.06).
#170 WARNING(ORCAP-36042): Pin "IN" is renamed to "IN#4" as visible power pin of same name already exists in Package IC_PM_TPS259530_WSON8 , U47: EnergyTrace LaunchPad, 4_XDS110 (45.72, 226.06).
#171 WARNING(ORCAP-36006): Part Name "IC_PROC_TM4C1294NCPDT_TQFP128_QFP40P1600X1600X120-128N_IC_(S1+S2+S3)_TM4C1294NCPDTT3R_QFP40P1600X1600X120-128L,QFP40P1600X1600X120-128M" is renamed to "IC_PROC_TM4C1294NCPDT_TQFP128_Q".
#172 WARNING(ORCAP-36042): Pin "GND" is renamed to "GND#17" as visible power pin of same name already exists in Package IC_PROC_TM4C1294NCPDT_TQFP128C , U5A: EnergyTrace LaunchPad, 4_XDS110 (205.74, 22.86).
#173 WARNING(ORCAP-36042): Pin "GND" is renamed to "GND#48" as visible power pin of same name already exists in Package IC_PROC_TM4C1294NCPDT_TQFP128C , U5A: EnergyTrace LaunchPad, 4_XDS110 (205.74, 22.86).
#174 WARNING(ORCAP-36042): Pin "GND" is renamed to "GND#80" as visible power pin of same name already exists in Package IC_PROC_TM4C1294NCPDT_TQFP128C , U5A: EnergyTrace LaunchPad, 4_XDS110 (205.74, 22.86).
#175 WARNING(ORCAP-36042): Pin "GND" is renamed to "GND#114" as visible power pin of same name already exists in Package IC_PROC_TM4C1294NCPDT_TQFP128C , U5A: EnergyTrace LaunchPad, 4_XDS110 (205.74, 22.86).
#176 WARNING(ORCAP-36042): Pin "VDD" is renamed to "VDD#51" as visible power pin of same name already exists in Package IC_PROC_TM4C1294NCPDT_TQFP128C , U5A: EnergyTrace LaunchPad, 4_XDS110 (205.74, 22.86).
#177 WARNING(ORCAP-36042): Pin "VDD" is renamed to "VDD#52" as visible power pin of same name already exists in Package IC_PROC_TM4C1294NCPDT_TQFP128C , U5A: EnergyTrace LaunchPad, 4_XDS110 (205.74, 22.86).
#178 WARNING(ORCAP-36042): Pin "GND" is renamed to "GND#55" as visible power pin of same name already exists in Package IC_PROC_TM4C1294NCPDT_TQFP128C , U5A: EnergyTrace LaunchPad, 4_XDS110 (205.74, 22.86).
#179 WARNING(ORCAP-36042): Pin "GND" is renamed to "GND#58" as visible power pin of same name already exists in Package IC_PROC_TM4C1294NCPDT_TQFP128C , U5A: EnergyTrace LaunchPad, 4_XDS110 (205.74, 22.86).
#180 WARNING(ORCAP-36042): Pin "VDD" is renamed to "VDD#7" as visible power pin of same name already exists in Package IC_PROC_TM4C1294NCPDT_TQFP128C , U5A: EnergyTrace LaunchPad, 4_XDS110 (205.74, 22.86).
#181 WARNING(ORCAP-36042): Pin "VDD" is renamed to "VDD#16" as visible power pin of same name already exists in Package IC_PROC_TM4C1294NCPDT_TQFP128C , U5A: EnergyTrace LaunchPad, 4_XDS110 (205.74, 22.86).
#182 WARNING(ORCAP-36042): Pin "VDD" is renamed to "VDD#26" as visible power pin of same name already exists in Package IC_PROC_TM4C1294NCPDT_TQFP128C , U5A: EnergyTrace LaunchPad, 4_XDS110 (205.74, 22.86).
#183 WARNING(ORCAP-36042): Pin "VDD" is renamed to "VDD#28" as visible power pin of same name already exists in Package IC_PROC_TM4C1294NCPDT_TQFP128C , U5A: EnergyTrace LaunchPad, 4_XDS110 (205.74, 22.86).
#184 WARNING(ORCAP-36042): Pin "VDD" is renamed to "VDD#39" as visible power pin of same name already exists in Package IC_PROC_TM4C1294NCPDT_TQFP128C , U5A: EnergyTrace LaunchPad, 4_XDS110 (205.74, 22.86).
#185 WARNING(ORCAP-36042): Pin "VDD" is renamed to "VDD#47" as visible power pin of same name already exists in Package IC_PROC_TM4C1294NCPDT_TQFP128C , U5A: EnergyTrace LaunchPad, 4_XDS110 (205.74, 22.86).
#186 WARNING(ORCAP-36042): Pin "VDD" is renamed to "VDD#69" as visible power pin of same name already exists in Package IC_PROC_TM4C1294NCPDT_TQFP128C , U5A: EnergyTrace LaunchPad, 4_XDS110 (205.74, 22.86).
#187 WARNING(ORCAP-36042): Pin "VDD" is renamed to "VDD#79" as visible power pin of same name already exists in Package IC_PROC_TM4C1294NCPDT_TQFP128C , U5A: EnergyTrace LaunchPad, 4_XDS110 (205.74, 22.86).
#188 WARNING(ORCAP-36042): Pin "VDD" is renamed to "VDD#90" as visible power pin of same name already exists in Package IC_PROC_TM4C1294NCPDT_TQFP128C , U5A: EnergyTrace LaunchPad, 4_XDS110 (205.74, 22.86).
#189 WARNING(ORCAP-36042): Pin "VDD" is renamed to "VDD#101" as visible power pin of same name already exists in Package IC_PROC_TM4C1294NCPDT_TQFP128C , U5A: EnergyTrace LaunchPad, 4_XDS110 (205.74, 22.86).
#190 WARNING(ORCAP-36042): Pin "VDD" is renamed to "VDD#113" as visible power pin of same name already exists in Package IC_PROC_TM4C1294NCPDT_TQFP128C , U5A: EnergyTrace LaunchPad, 4_XDS110 (205.74, 22.86).
#191 WARNING(ORCAP-36042): Pin "VDD" is renamed to "VDD#122" as visible power pin of same name already exists in Package IC_PROC_TM4C1294NCPDT_TQFP128C , U5A: EnergyTrace LaunchPad, 4_XDS110 (205.74, 22.86).
#192 WARNING(ORCAP-36042): Pin "VDDC" is renamed to "VDDC#87" as visible power pin of same name already exists in Package IC_PROC_TM4C1294NCPDT_TQFP128C , U5A: EnergyTrace LaunchPad, 4_XDS110 (205.74, 22.86).
#193 WARNING(ORCAP-36042): Pin "VDDC" is renamed to "VDDC#115" as visible power pin of same name already exists in Package IC_PROC_TM4C1294NCPDT_TQFP128C , U5A: EnergyTrace LaunchPad, 4_XDS110 (205.74, 22.86).
#194 WARNING(ORCAP-36006): Part Name "IC_REF_LM4040_SC70-5_SOT65P210X110-5N_IC_LM4040B25IDCK_SOT65P210X110-5L,SOT65P210X110-5M" is renamed to "IC_REF_LM4040_SC70-5_SOT65P210X".
#195 WARNING(ORCAP-36006): Part Name "CRYSTAL_XTAL_FC135_A2N_IC_32.768KHZ_XTAL_FC135_A2L,XTAL_FC135_A2M" is renamed to "CRYSTAL_XTAL_FC135_A2N_IC_32.76".
#196 WARNING(ORCAP-36006): Part Name "XTAL_4PINS_1_3_OSCCC200X160X45-4A2N_IC_48MHZ_OSCCC200X160X45-4A2L,OSCCC200X160X45-4A2M" is renamed to "XTAL_4PINS_1_3_OSCCC200X160X45-".
#197 WARNING(ORCAP-36042): Pin "GND" is renamed to "GND#2" as visible power pin of same name already exists in Package XTAL_4PINS_1_3 , Y2: EnergyTrace LaunchPad, 1_RF (170.18, 178.56).
#198 WARNING(ORCAP-36042): Pin "GND" is renamed to "GND#4" as visible power pin of same name already exists in Package XTAL_4PINS_1_3 , Y2: EnergyTrace LaunchPad, 1_RF (170.18, 178.56).
#199 WARNING(ORCAP-36006): Part Name "XTAL_4_OSCCC250X320X100-4BN_IC_16MHZ_OSCCC250X320X100-4BL,OSCCC250X320X100-4BM" is renamed to "XTAL_4_OSCCC250X320X100-4BN_IC_".
#200 WARNING(ORCAP-36006): Part Name "XTAL_4_OSCCC250X320X70-4AN_IC_24MHZ_OSCCC250X320X70-4AL,OSCCC250X320X70-4AM" is renamed to "XTAL_4_OSCCC250X320X70-4AN_IC_2".
#201 WARNING(ORCAP-36006): Part Name "XTAL_GEN_EN_V1_OSCSC254P320X500X130-4A2N_IC_16.384MHZ_OSCSC254P320X500X130-4A2L,OSCSC254P320X500X130-4A2M" is renamed to "XTAL_GEN_EN_V1_OSCSC254P320X500".
#202 WARNING(ORCAP-36006): Part Name "XTAL_GEN_V2_OSC_TG2016SMN_A2N_IC_48MHZ_OSC_TG2016SMN_A2L,OSC_TG2016SMN_A2M" is renamed to "XTAL_GEN_V2_OSC_TG2016SMN_A2N_I".
#203 WARNING(ORCAP-36006): Part Name "INDUCTOR_4_INDC1005X60B2N_DISCRETE_3.3NH" is renamed to "INDUCTOR_4_INDC1005X60B2N_DISCR".
#204 WARNING(ORCAP-36006): Part Name "INDUCTOR_4_IND_LQW15AN_DISCRETE_DNM_IND_LQW15AL,IND_LQW15AM" is renamed to "INDUCTOR_4_IND_LQW15AN_DISCRETE".
#205 WARNING(ORCAP-36006): Part Name "CAPACITOR_CAPC0603X35B2N_DISCRETE_5.6PF_CAPC0603X35B2L,CAPC0603X35B2M" is renamed to "CAPACITOR_CAPC0603X35B2N_DISC_1".
INFO(ORCAP-36080): Scanning netlist files ...

Loading... C:\Users\a0274226\Documents\MyDocs\Projects\LAUNCHXL-CC1312R1\Rev-D\Cadence/pstchip.dat

Loading... C:\Users\a0274226\Documents\MyDocs\Projects\LAUNCHXL-CC1312R1\Rev-D\Cadence/pstchip.dat

Loading... C:\Users\a0274226\Documents\MyDocs\Projects\LAUNCHXL-CC1312R1\Rev-D\Cadence/pstxprt.dat

Loading... C:\Users\a0274226\Documents\MyDocs\Projects\LAUNCHXL-CC1312R1\Rev-D\Cadence/pstxnet.dat
packaging the design view...