(---------------------------------------------------------------------)
(                                                                     )
(    PDF Export                                                       )
(                                                                     )
(    Software Version : 17.2S024                                      )
(    Date/Time        : Wed Oct 10 11:24:31 2018                      )
(                                                                     )
(---------------------------------------------------------------------)



Output file: C:/Users/a0274226/Documents/MyDocs/Projects/LAUNCHXL-CC1312R1/Rev-D/PDFs/LAUNCHXL-CC1312R1_C__WCS042D_LAUNCHXL-CC1312R1_D_Silk_top_workview.pdf

Output file: C:/Users/a0274226/Documents/MyDocs/Projects/LAUNCHXL-CC1312R1/Rev-D/PDFs/LAUNCHXL-CC1312R1_C__WCS042D_LAUNCHXL-CC1312R1_D_WorkView.pdf

Output file: C:/Users/a0274226/Documents/MyDocs/Projects/LAUNCHXL-CC1312R1/Rev-D/PDFs/LAUNCHXL-CC1312R1_C__WCS042D_LAUNCHXL-CC1312R1_D_assembly_bottom_mirrored.pdf

Output file: C:/Users/a0274226/Documents/MyDocs/Projects/LAUNCHXL-CC1312R1/Rev-D/PDFs/LAUNCHXL-CC1312R1_C__WCS042D_LAUNCHXL-CC1312R1_D_Layer3.pdf

Output file: C:/Users/a0274226/Documents/MyDocs/Projects/LAUNCHXL-CC1312R1/Rev-D/PDFs/LAUNCHXL-CC1312R1_C__WCS042D_LAUNCHXL-CC1312R1_D_Layer2.pdf

Output file: C:/Users/a0274226/Documents/MyDocs/Projects/LAUNCHXL-CC1312R1/Rev-D/PDFs/LAUNCHXL-CC1312R1_C__WCS042D_LAUNCHXL-CC1312R1_D_drill.pdf

Output file: C:/Users/a0274226/Documents/MyDocs/Projects/LAUNCHXL-CC1312R1/Rev-D/PDFs/LAUNCHXL-CC1312R1_C__WCS042D_LAUNCHXL-CC1312R1_D_assembly_top.pdf

Output file: C:/Users/a0274226/Documents/MyDocs/Projects/LAUNCHXL-CC1312R1/Rev-D/PDFs/LAUNCHXL-CC1312R1_C__WCS042D_LAUNCHXL-CC1312R1_D_Bottom.pdf

Output file: C:/Users/a0274226/Documents/MyDocs/Projects/LAUNCHXL-CC1312R1/Rev-D/PDFs/LAUNCHXL-CC1312R1_C__WCS042D_LAUNCHXL-CC1312R1_D_Top.pdf

Output file: C:/Users/a0274226/Documents/MyDocs/Projects/LAUNCHXL-CC1312R1/Rev-D/PDFs/LAUNCHXL-CC1312R1_C__WCS042D_LAUNCHXL-CC1312R1_D_assembly_bottom.pdf

Output file: C:/Users/a0274226/Documents/MyDocs/Projects/LAUNCHXL-CC1312R1/Rev-D/PDFs/LAUNCHXL-CC1312R1_C__WCS042D_LAUNCHXL-CC1312R1_D_silk_bottom.pdf

Output file: C:/Users/a0274226/Documents/MyDocs/Projects/LAUNCHXL-CC1312R1/Rev-D/PDFs/LAUNCHXL-CC1312R1_C__WCS042D_LAUNCHXL-CC1312R1_D_silk_top.pdf

Output file: C:/Users/a0274226/Documents/MyDocs/Projects/LAUNCHXL-CC1312R1/Rev-D/PDFs/LAUNCHXL-CC1312R1_C__WCS042D_LAUNCHXL-CC1312R1_D_soldmask_bottom.pdf

Output file: C:/Users/a0274226/Documents/MyDocs/Projects/LAUNCHXL-CC1312R1/Rev-D/PDFs/LAUNCHXL-CC1312R1_C__WCS042D_LAUNCHXL-CC1312R1_D_soldmask_top.pdf

Output file: C:/Users/a0274226/Documents/MyDocs/Projects/LAUNCHXL-CC1312R1/Rev-D/PDFs/LAUNCHXL-CC1312R1_C__WCS042D_LAUNCHXL-CC1312R1_D_paste_bottom.pdf

Output file: C:/Users/a0274226/Documents/MyDocs/Projects/LAUNCHXL-CC1312R1/Rev-D/PDFs/LAUNCHXL-CC1312R1_C__WCS042D_LAUNCHXL-CC1312R1_D_paste_top.pdf
Design file: C:/Users/a0274226/Documents/MyDocs/Projects/LAUNCHXL-CC1312R1/Rev-D/Cadence/LAUNCHXL-CC1312R1.brd
pdf_out complete.
