(---------------------------------------------------------------------)
(                                                                     )
(    ARTWORK LOG                                                      )
(                                                                     )
(    Drawing          : LAUNCHXL-CC1312R1.brd                         )
(    Software Version : 17.2S024                                      )
(    Date/Time        : Wed Oct 10 12:29:48 2018                      )
(                                                                     )
(---------------------------------------------------------------------)


 ---- Photoplot outline rectangle not found; using drawing extents.



Results from parameter file ...
    DEVICE-TYPE           GERBER_RS274X
    OUTPUT-UNITS          MM
    FILM-SIZE             2400000 1600000
    FORMAT                2.5
    ABORT-ON-ERROR        NO
    SCALE                 1
    SUPPRESS-LEAD-ZEROES  YES
    SUPPRESS-TRAIL-ZEROES NO
    SUPPRESS-EQUAL        YES
    UNDEF-APT-CONT        NO



================================================================
     PROCESSING FILM < paste_top >
     TO FILE < C:/Users/a0274226/Documents/MyDocs/Projects/LAUNCHXL-CC1312R1/Rev-D/Cadence/WCS042D_LAUNCHXL-CC1312R1_D_paste_top.art > ...
================================================================

  FILM PARAMETERS :
  ---------------------------------------------------------
  Undefined line width                0.0990
  Mirror code                         NONE
  Rotate angle                        NONE
  Offset x:                           0.0000
  Offset y:                           0.0000
  Plot negative                       NO
  Suppress unconnected internal pads  DYNAMIC
  Draw holes only                     NO

    WARNING: text composed 0 width line found at (239.4500 153.9750)
           ... using undefined line width of 0.0990

    WARNING: text having Multiple 0 width lines; all will be treated the same as the first.
           ... using undefined line width of 0.0990



  APERTURES USED:
  ---------------------------------------------------------
  TYPE       SIZE/NAME                   ROT   MIRROR MODE 
  ---------------------------------------------------------
  CIRCLE     0.09900                                  DARK 
  CIRCLE     0.10000                                  DARK 
  CIRCLE     1.27000                                  DARK 
  CIRCLE     1.80000                                  DARK 
  SQUARE     3.25000                     0.000 NO     DARK 
  SQUARE     5.25000                     0.000 NO     DARK 
  RECTANGLE  0.30000     x 1.70000      90.000 NO     DARK 
  RECTANGLE  0.90000     x 1.70000       0.000 NO     DARK 
  RECTANGLE  1.65000     x 2.50000       0.000 NO     DARK 
  RECTANGLE  1.65000     x 2.50000      90.000 NO     DARK 
  OBLONG     0.20100     x 1.50100       0.000 NO     DARK 
  OBLONG     0.20100     x 1.50100      90.000 NO     DARK 
  OBLONG     0.30000     x 0.85100       0.000 NO     DARK 
  OBLONG     0.30000     x 0.85100      90.000 NO     DARK 
  OBLONG     0.39900     x 0.89900      90.000 NO     DARK 
  OBLONG     1.15000     x 0.80000       0.000 NO     DARK 
  PAD SHAPE  SHAPE_350RECT800            0.000 NO     DARK 
  PAD SHAPE  SHAPE_600RECT650            0.000 NO     DARK 
  PAD SHAPE  SHAPE_640RECTX650           0.000 NO     DARK 
  PAD SHAPE  SHAPE_2400X1650__ETCH       0.000 NO     DARK 
  PAD SHAPE  SHAPE_300RECTX1450          0.000 NO     DARK 
  PAD SHAPE  SHAPE_1150RECT1400          0.000 NO     DARK 
  PAD SHAPE  SHAPE_750RECTX3050_ETCH     0.000 NO     DARK 
  PAD SHAPE  SHAPE_300RECTX1000          0.000 NO     DARK 
  PAD SHAPE  BULLET_300X800_ETCH         0.000 NO     DARK 
  PAD SHAPE  SHAPE_500RECTX525           0.000 NO     DARK 
  PAD SHAPE  SHAPE_1200RECT1400          0.000 NO     DARK 
  PAD SHAPE  SHAPE_2000RECT2000          0.000 NO     DARK 
  PAD SHAPE  SHAPE_300RECTX450           0.000 NO     DARK 
  PAD SHAPE  SHAPE_300RECTX400_ETCH      0.000 NO     DARK 
  PAD SHAPE  SHAPE_300RECTX900           0.000 NO     DARK 
  PAD SHAPE  SHAPE_1150RECTX1450         0.000 NO     DARK 
  PAD SHAPE  SHAPE_1400RECTX1900         0.000 NO     DARK 
  PAD SHAPE  SHAPE_200RECTX800           0.000 NO     DARK 
  PAD SHAPE  SHAPE_350RECTX400_ETCH      0.000 NO     DARK 
  PAD SHAPE  SHAPE_450RECTX1400          0.000 NO     DARK 
  PAD SHAPE  SHAPE_1000RECTX1400         0.000 NO     DARK 
  PAD SHAPE  SHAPE_1450RECTX2100         0.000 NO     DARK 
  PAD SHAPE  SHAPE_450RECTX850_ETCH      0.000 NO     DARK 
  PAD SHAPE  SHAPE_640RECTX650          45.000 NO     DARK 
  PAD SHAPE  SHAPE_500RECTX525          45.000 NO     DARK 
  PAD SHAPE  SHAPE_900RECTX1300         90.000 NO     DARK 
  PAD SHAPE  SHAPE_600RECTX2000         90.000 NO     DARK 
  PAD SHAPE  SHAPE_300RECTX1450         90.000 NO     DARK 
  PAD SHAPE  SHAPE_450RECTX1500         90.000 NO     DARK 
  PAD SHAPE  SHAPE_950RECT1000          90.000 NO     DARK 
  PAD SHAPE  SHAPE_1200RECTX1400_ETCH   90.000 NO     DARK 
  PAD SHAPE  BULLET_300X800_ETCH        90.000 NO     DARK 
  PAD SHAPE  SHAPE_750RECT750           90.000 NO     DARK 
  PAD SHAPE  SHAPE_1150RECTX1450        90.000 NO     DARK 
  PAD SHAPE  SHAPE_640RECTX650          90.000 NO     DARK 
  PAD SHAPE  SHAPE_200RECTX900          90.000 NO     DARK 
  PAD SHAPE  SHAPE_950RECTX1000_ETCH    90.000 NO     DARK 
  PAD SHAPE  SHAPE_2350RECTX2550_ETCH   90.000 NO     DARK 
  PAD SHAPE  SHAPE_500RECTX525          90.000 NO     DARK 
  PAD SHAPE  SHAPE_250RECTX800          90.000 NO     DARK 
  PAD SHAPE  SHAPE_1000RECTX1800_ETCH   90.000 NO     DARK 
  PAD SHAPE  SHAPE_200RECTX650          90.000 NO     DARK 
  PAD SHAPE  SHAPE_300RECTX900          90.000 NO     DARK 
  PAD SHAPE  SHAPE_350RECT800           90.000 NO     DARK 
  PAD SHAPE  SHAPE_1150RECTX2700_ETCH   90.000 NO     DARK 
  PAD SHAPE  SHAPE_350RECTX400_ETCH     90.000 NO     DARK 
  PAD SHAPE  SHAPE_750RECT900           90.000 NO     DARK 
  PAD SHAPE  SHAPE_1150RECTX1800_ETCH   90.000 NO     DARK 
  PAD SHAPE  SHAPE_800RECTX900_ETCH    135.000 NO     DARK 
  PAD SHAPE  SHAPE_500RECTX525         135.000 NO     DARK 
  PAD SHAPE  SHAPE_300RECT750          180.000 NO     DARK 
  PAD SHAPE  SHAPE_750RECTX3050_ETCH   180.000 NO     DARK 
  PAD SHAPE  SHAPE_750RECT900          180.000 NO     DARK 
  PAD SHAPE  SHAPE_950RECTX1000_ETCH   180.000 NO     DARK 
  PAD SHAPE  SHAPE_300RECTX1000        180.000 NO     DARK 
  PAD SHAPE  SHAPE_350RECTX400_ETCH    180.000 NO     DARK 
  PAD SHAPE  SHAPE_640RECTX650         180.000 NO     DARK 
  PAD SHAPE  SHAPE_1000RECTX1400       180.000 NO     DARK 
  PAD SHAPE  SHAPE_1150RECTX1450       180.000 NO     DARK 
  PAD SHAPE  BULLET_300X800_ETCH       180.000 NO     DARK 
  PAD SHAPE  SHAPE_200RECTX650         180.000 NO     DARK 
  PAD SHAPE  SHAPE_900RECTX1300        180.000 NO     DARK 
  PAD SHAPE  SHAPE_250RECTX800         180.000 NO     DARK 
  PAD SHAPE  SHAPE_500RECTX525         180.000 NO     DARK 
  PAD SHAPE  SHAPE_600RECTX1350        180.000 NO     DARK 
  PAD SHAPE  SHAPE_500RECTX525         225.000 NO     DARK 
  PAD SHAPE  SHAPE_640RECTX650         225.000 NO     DARK 
  PAD SHAPE  SHAPE_600RECTX1350        270.000 NO     DARK 
  PAD SHAPE  SHAPE_500RECTX525         270.000 NO     DARK 
  PAD SHAPE  SHAPE_950RECTX1000_ETCH   270.000 NO     DARK 
  PAD SHAPE  SHAPE_640RECTX650         270.000 NO     DARK 
  PAD SHAPE  SHAPE_300RECTX700_ETCH    270.000 NO     DARK 
  PAD SHAPE  SHAPE_900RECTX1300        270.000 NO     DARK 
  PAD SHAPE  SHAPE_1150RECTX4800       270.000 NO     DARK 
  PAD SHAPE  SHAPE_1150RECTX1450       270.000 NO     DARK 
  PAD SHAPE  SHAPE_2400X1650__ETCH     270.000 NO     DARK 
  PAD SHAPE  SHAPE_350RECTX400_ETCH    270.000 NO     DARK 
  PAD SHAPE  BULLET_300X800_ETCH       270.000 NO     DARK 
  PAD SHAPE  SHAPE_300RECTX1000        270.000 NO     DARK 
  PAD SHAPE  SHAPE_200RECTX800         270.000 NO     DARK 
  PAD SHAPE  SHAPE_600RECTX750_ETCH    270.000 NO     DARK 
  PAD SHAPE  SHAPE_400RECTX1200        270.000 NO     DARK 
  PAD SHAPE  SHAPE_750RECT750          270.000 NO     DARK 
  PAD SHAPE  SHAPE_1000RECTX1400       270.000 NO     DARK 
  PAD SHAPE  SHAPE_500RECTX525         315.000 NO     DARK 
  PAD SHAPE  SHAPE_640RECTX650         315.000 NO     DARK 

     WCS042D_LAUNCHXL-CC1312R1_D_paste_top created with warnings


================================================================
     PROCESSING FILM < paste_bottom >
     TO FILE < C:/Users/a0274226/Documents/MyDocs/Projects/LAUNCHXL-CC1312R1/Rev-D/Cadence/WCS042D_LAUNCHXL-CC1312R1_D_paste_bottom.art > ...
================================================================

  FILM PARAMETERS :
  ---------------------------------------------------------
  Undefined line width                0.0990
  Mirror code                         NONE
  Rotate angle                        NONE
  Offset x:                           0.0000
  Offset y:                           0.0000
  Plot negative                       NO
  Suppress unconnected internal pads  DYNAMIC
  Draw holes only                     NO



  APERTURES USED:
  ---------------------------------------------------------
  TYPE       SIZE/NAME                   ROT   MIRROR MODE 
  ---------------------------------------------------------
  CIRCLE     0.09900                                  DARK 
  CIRCLE     0.10000                                  DARK 
  CIRCLE     1.27000                                  DARK 

     WCS042D_LAUNCHXL-CC1312R1_D_paste_bottom created.


================================================================
     PROCESSING FILM < soldmask_top >
     TO FILE < C:/Users/a0274226/Documents/MyDocs/Projects/LAUNCHXL-CC1312R1/Rev-D/Cadence/WCS042D_LAUNCHXL-CC1312R1_D_soldmask_top.art > ...
================================================================

  FILM PARAMETERS :
  ---------------------------------------------------------
  Undefined line width                0.0990
  Mirror code                         NONE
  Rotate angle                        NONE
  Offset x:                           0.0000
  Offset y:                           0.0000
  Plot negative                       NO
  Suppress unconnected internal pads  DYNAMIC
  Draw holes only                     NO



  APERTURES USED:
  ---------------------------------------------------------
  TYPE       SIZE/NAME                   ROT   MIRROR MODE 
  ---------------------------------------------------------
  CIRCLE     0.09900                                  DARK 
  CIRCLE     0.10000                                  DARK 
  CIRCLE     1.10000                                  DARK 
  CIRCLE     1.20000                                  DARK 
  CIRCLE     1.42000                                  DARK 
  CIRCLE     1.80000                                  DARK 
  CIRCLE     1.84900                                  DARK 
  CIRCLE     1.95000                                  DARK 
  CIRCLE     3.40100                                  DARK 
  CIRCLE     3.95000                                  DARK 
  SQUARE     3.40000                     0.000 NO     DARK 
  SQUARE     5.40000                     0.000 NO     DARK 
  RECTANGLE  0.45000     x 1.85000      90.000 NO     DARK 
  RECTANGLE  1.05000     x 1.85000       0.000 NO     DARK 
  RECTANGLE  1.80000     x 2.65000       0.000 NO     DARK 
  RECTANGLE  1.80000     x 2.65000      90.000 NO     DARK 
  OBLONG     0.30000     x 1.65100       0.000 NO     DARK 
  OBLONG     0.30000     x 1.65100      90.000 NO     DARK 
  OBLONG     0.39900     x 0.95000       0.000 NO     DARK 
  OBLONG     0.39900     x 0.95000      90.000 NO     DARK 
  OBLONG     0.55100     x 1.04900      90.000 NO     DARK 
  OBLONG     1.30000     x 0.95000       0.000 NO     DARK 
  OBLONG     1.55000     x 2.25000       0.000 NO     DARK 
  PAD SHAPE  SHAPE_1350RECT1550          0.000 NO     DARK 
  PAD SHAPE  SHAPE_2150RECT2150          0.000 NO     DARK 
  PAD SHAPE  SHAPE_750RECT800            0.000 NO     DARK 
  PAD SHAPE  BULLET_400X900_SM           0.000 NO     DARK 
  PAD SHAPE  SHAPE_450RECTX500_SM100     0.000 NO     DARK 
  PAD SHAPE  SHAPE_400RECTX1000          0.000 NO     DARK 
  PAD SHAPE  SHAPE_450RECT900            0.000 NO     DARK 
  PAD SHAPE  SHAPE_1550RECTX2200         0.000 NO     DARK 
  PAD SHAPE  SHAPE_600RECTX1000_SM150    0.000 NO     DARK 
  PAD SHAPE  SHAPE_1300RECTX1600         0.000 NO     DARK 
  PAD SHAPE  SHAPE_400RECTX500_SM100     0.000 NO     DARK 
  PAD SHAPE  SHAPE_650RECTX675           0.000 NO     DARK 
  PAD SHAPE  SHAPE_1550RECTX2050         0.000 NO     DARK 
  PAD SHAPE  SHAPE_740RECTX750           0.000 NO     DARK 
  PAD SHAPE  SHAPE_1300RECT1550          0.000 NO     DARK 
  PAD SHAPE  SHAPE_300RECTX900           0.000 NO     DARK 
  PAD SHAPE  SHAPE_2400X1650__SM         0.000 NO     DARK 
  PAD SHAPE  SHAPE_400RECTX1100          0.000 NO     DARK 
  PAD SHAPE  SHAPE_1150RECTX1550         0.000 NO     DARK 
  PAD SHAPE  SHAPE_400RECTX1550          0.000 NO     DARK 
  PAD SHAPE  SHAPE_900RECTX3200_SM150    0.000 NO     DARK 
  PAD SHAPE  SHAPE_400RECTX550           0.000 NO     DARK 
  PAD SHAPE  SHAPE_550RECTX1500          0.000 NO     DARK 
  PAD SHAPE  SHAPE_650RECTX675          45.000 NO     DARK 
  PAD SHAPE  SHAPE_740RECTX750          45.000 NO     DARK 
  PAD SHAPE  SHAPE_400RECTX1550         90.000 NO     DARK 
  PAD SHAPE  SHAPE_750RECTX2150         90.000 NO     DARK 
  PAD SHAPE  SHAPE_400RECTX1000         90.000 NO     DARK 
  PAD SHAPE  BULLET_400X900_SM          90.000 NO     DARK 
  PAD SHAPE  SHAPE_900RECT900           90.000 NO     DARK 
  PAD SHAPE  SHAPE_450RECT900           90.000 NO     DARK 
  PAD SHAPE  SHAPE_650RECTX675          90.000 NO     DARK 
  PAD SHAPE  SHAPE_550RECTX1600         90.000 NO     DARK 
  PAD SHAPE  SHAPE_300RECTX1000         90.000 NO     DARK 
  PAD SHAPE  SHAPE_740RECTX750          90.000 NO     DARK 
  PAD SHAPE  SHAPE_900RECT1050          90.000 NO     DARK 
  PAD SHAPE  SHAPE_1300RECTX1600        90.000 NO     DARK 
  PAD SHAPE  SHAPE_1150RECTX1950_SM150  90.000 NO     DARK 
  PAD SHAPE  SHAPE_1100RECT1150         90.000 NO     DARK 
  PAD SHAPE  SHAPE_1300RECTX1950_SM150  90.000 NO     DARK 
  PAD SHAPE  SHAPE_1050RECTX1450        90.000 NO     DARK 
  PAD SHAPE  SHAPE_350RECTX900          90.000 NO     DARK 
  PAD SHAPE  SHAPE_300RECTX750          90.000 NO     DARK 
  PAD SHAPE  SHAPE_1350RECTX1550_SM150  90.000 NO     DARK 
  PAD SHAPE  SHAPE_2500RECTX2700_SM150  90.000 NO     DARK 
  PAD SHAPE  SHAPE_1300RECTX2850_SM150  90.000 NO     DARK 
  PAD SHAPE  SHAPE_450RECTX500_SM100    90.000 NO     DARK 
  PAD SHAPE  SHAPE_1100RECTX1150_SM150  90.000 NO     DARK 
  PAD SHAPE  SHAPE_950RECTX1050_SM150  135.000 NO     DARK 
  PAD SHAPE  SHAPE_650RECTX675         135.000 NO     DARK 
  PAD SHAPE  SHAPE_300RECTX750         180.000 NO     DARK 
  PAD SHAPE  SHAPE_740RECTX750         180.000 NO     DARK 
  PAD SHAPE  SHAPE_650RECTX675         180.000 NO     DARK 
  PAD SHAPE  BULLET_400X900_SM         180.000 NO     DARK 
  PAD SHAPE  SHAPE_350RECTX900         180.000 NO     DARK 
  PAD SHAPE  SHAPE_400RECTX1100        180.000 NO     DARK 
  PAD SHAPE  SHAPE_1150RECTX1550       180.000 NO     DARK 
  PAD SHAPE  SHAPE_400RECT850          180.000 NO     DARK 
  PAD SHAPE  SHAPE_750RECTX1500        180.000 NO     DARK 
  PAD SHAPE  SHAPE_1300RECTX1600       180.000 NO     DARK 
  PAD SHAPE  SHAPE_1050RECTX1450       180.000 NO     DARK 
  PAD SHAPE  SHAPE_900RECT1050         180.000 NO     DARK 
  PAD SHAPE  SHAPE_450RECTX500_SM100   180.000 NO     DARK 
  PAD SHAPE  SHAPE_1100RECTX1150_SM150 180.000 NO     DARK 
  PAD SHAPE  SHAPE_900RECTX3200_SM150  180.000 NO     DARK 
  PAD SHAPE  SHAPE_740RECTX750         225.000 NO     DARK 
  PAD SHAPE  SHAPE_650RECTX675         225.000 NO     DARK 
  PAD SHAPE  SHAPE_1150RECTX1550       270.000 NO     DARK 
  PAD SHAPE  SHAPE_400RECTX800_SM100   270.000 NO     DARK 
  PAD SHAPE  SHAPE_300RECTX900         270.000 NO     DARK 
  PAD SHAPE  SHAPE_2400X1650__SM       270.000 NO     DARK 
  PAD SHAPE  SHAPE_750RECTX1500        270.000 NO     DARK 
  PAD SHAPE  BULLET_400X900_SM         270.000 NO     DARK 
  PAD SHAPE  SHAPE_1300RECTX1600       270.000 NO     DARK 
  PAD SHAPE  SHAPE_550RECTX1350        270.000 NO     DARK 
  PAD SHAPE  SHAPE_450RECTX500_SM100   270.000 NO     DARK 
  PAD SHAPE  SHAPE_1100RECTX1150_SM150 270.000 NO     DARK 
  PAD SHAPE  SHAPE_400RECTX1100        270.000 NO     DARK 
  PAD SHAPE  SHAPE_750RECTX900_SM150   270.000 NO     DARK 
  PAD SHAPE  SHAPE_1300RECTX4950       270.000 NO     DARK 
  PAD SHAPE  SHAPE_1050RECTX1450       270.000 NO     DARK 
  PAD SHAPE  SHAPE_740RECTX750         270.000 NO     DARK 
  PAD SHAPE  SHAPE_650RECTX675         270.000 NO     DARK 
  PAD SHAPE  SHAPE_900RECT900          270.000 NO     DARK 
  PAD SHAPE  SHAPE_740RECTX750         315.000 NO     DARK 
  PAD SHAPE  SHAPE_650RECTX675         315.000 NO     DARK 

     WCS042D_LAUNCHXL-CC1312R1_D_soldmask_top created.


================================================================
     PROCESSING FILM < soldmask_bottom >
     TO FILE < C:/Users/a0274226/Documents/MyDocs/Projects/LAUNCHXL-CC1312R1/Rev-D/Cadence/WCS042D_LAUNCHXL-CC1312R1_D_soldmask_bottom.art > ...
================================================================

  FILM PARAMETERS :
  ---------------------------------------------------------
  Undefined line width                0.0990
  Mirror code                         NONE
  Rotate angle                        NONE
  Offset x:                           0.0000
  Offset y:                           0.0000
  Plot negative                       NO
  Suppress unconnected internal pads  DYNAMIC
  Draw holes only                     NO



  APERTURES USED:
  ---------------------------------------------------------
  TYPE       SIZE/NAME                   ROT   MIRROR MODE 
  ---------------------------------------------------------
  CIRCLE     0.09900                                  DARK 
  CIRCLE     0.10000                                  DARK 
  CIRCLE     0.59900                                  DARK 
  CIRCLE     0.95000                                  DARK 
  CIRCLE     1.10000                                  DARK 
  CIRCLE     1.20000                                  DARK 
  CIRCLE     1.42000                                  DARK 
  CIRCLE     1.80000                                  DARK 
  CIRCLE     1.84900                                  DARK 
  CIRCLE     3.40100                                  DARK 
  CIRCLE     3.95000                                  DARK 
  OBLONG     1.55000     x 2.25000       0.000 NO     DARK 

     WCS042D_LAUNCHXL-CC1312R1_D_soldmask_bottom created.


================================================================
     PROCESSING FILM < silk_top >
     TO FILE < C:/Users/a0274226/Documents/MyDocs/Projects/LAUNCHXL-CC1312R1/Rev-D/Cadence/WCS042D_LAUNCHXL-CC1312R1_D_silk_top.art > ...
================================================================

  FILM PARAMETERS :
  ---------------------------------------------------------
  Undefined line width                0.0990
  Mirror code                         NONE
  Rotate angle                        NONE
  Offset x:                           0.0000
  Offset y:                           0.0000
  Plot negative                       NO
  Suppress unconnected internal pads  DYNAMIC
  Draw holes only                     NO

    WARNING: Arc segment with end points of
	(203.24, 211.67) and (203.17 211.44) converted to a line.
	Its center location (84.18 251.23) is too large for
	specified integer accuracy of 2 places.

    WARNING: Arc segment with end points of
	(203.07, 244.72) and (203.00 244.50) converted to a line.
	Its center location (84.01 284.28) is too large for
	specified integer accuracy of 2 places.

    WARNING: Arc segment with end points of
	(213.64, 244.67) and (213.57 244.44) converted to a line.
	Its center location (94.58 284.23) is too large for
	specified integer accuracy of 2 places.

    WARNING: Arc segment with end points of
	(216.28, 251.27) and (216.50 251.20) converted to a line.
	Its center location (176.72 132.21) is too large for
	specified integer accuracy of 2 places.

    WARNING: Arc segment with end points of
	(213.73, 251.64) and (213.96 251.57) converted to a line.
	Its center location (174.17 132.58) is too large for
	specified integer accuracy of 2 places.

    WARNING: Arc segment with end points of
	(256.80, 211.50) and (256.73 211.27) converted to a line.
	Its center location (137.74 251.06) is too large for
	specified integer accuracy of 2 places.



  APERTURES USED:
  ---------------------------------------------------------
  TYPE       SIZE/NAME                   ROT   MIRROR MODE 
  ---------------------------------------------------------
  CIRCLE     0.09900                                  DARK 
  CIRCLE     0.10000                                  DARK 
  CIRCLE     0.18000                                  DARK 
  CIRCLE     0.25000                                  DARK 
  CIRCLE     0.30000                                  DARK 
  CIRCLE     0.60000                                  DARK 

     WCS042D_LAUNCHXL-CC1312R1_D_silk_top created with warnings


================================================================
     PROCESSING FILM < silk_bottom >
     TO FILE < C:/Users/a0274226/Documents/MyDocs/Projects/LAUNCHXL-CC1312R1/Rev-D/Cadence/WCS042D_LAUNCHXL-CC1312R1_D_silk_bottom.art > ...
================================================================

  FILM PARAMETERS :
  ---------------------------------------------------------
  Undefined line width                0.0990
  Mirror code                         NONE
  Rotate angle                        NONE
  Offset x:                           0.0000
  Offset y:                           0.0000
  Plot negative                       NO
  Suppress unconnected internal pads  DYNAMIC
  Draw holes only                     NO

    WARNING: Arc segment with end points of
	(201.66, 211.67) and (201.73 211.44) converted to a line.
	Its center location (320.72 251.23) is too large for
	specified integer accuracy of 2 places.

    WARNING: Arc segment with end points of
	(201.90, 244.60) and (201.97 244.37) converted to a line.
	Its center location (320.96 284.16) is too large for
	specified integer accuracy of 2 places.

    WARNING: Arc segment with end points of
	(211.96, 244.67) and (212.03 244.44) converted to a line.
	Its center location (331.02 284.23) is too large for
	specified integer accuracy of 2 places.

    WARNING: Arc segment with end points of
	(255.50, 211.75) and (255.58 211.52) converted to a line.
	Its center location (374.56 251.31) is too large for
	specified integer accuracy of 2 places.



  APERTURES USED:
  ---------------------------------------------------------
  TYPE       SIZE/NAME                   ROT   MIRROR MODE 
  ---------------------------------------------------------
  CIRCLE     0.09900                                  DARK 
  CIRCLE     0.10000                                  DARK 
  CIRCLE     0.14000                                  DARK 
  CIRCLE     0.18000                                  DARK 

     WCS042D_LAUNCHXL-CC1312R1_D_silk_bottom created with warnings


================================================================
     PROCESSING FILM < assembly_bottom >
     TO FILE < C:/Users/a0274226/Documents/MyDocs/Projects/LAUNCHXL-CC1312R1/Rev-D/Cadence/WCS042D_LAUNCHXL-CC1312R1_D_assembly_bottom.art > ...
================================================================

  FILM PARAMETERS :
  ---------------------------------------------------------
  Undefined line width                0.0990
  Mirror code                         NONE
  Rotate angle                        NONE
  Offset x:                           0.0000
  Offset y:                           0.0000
  Plot negative                       NO
  Suppress unconnected internal pads  DYNAMIC
  Draw holes only                     NO

    WARNING: 0 width line found at (207.6000 180.0500)
           ... using undefined line width of 0.0990

    WARNING: Multiple 0 width lines; all will be treated the same as the first.
           ... using undefined line width of 0.0990



  APERTURES USED:
  ---------------------------------------------------------
  TYPE       SIZE/NAME                   ROT   MIRROR MODE 
  ---------------------------------------------------------
  CIRCLE     0.05000                                  DARK 
  CIRCLE     0.09900                                  DARK 
  CIRCLE     0.10000                                  DARK 

     WCS042D_LAUNCHXL-CC1312R1_D_assembly_bottom created with warnings


================================================================
     PROCESSING FILM < Top >
     TO FILE < C:/Users/a0274226/Documents/MyDocs/Projects/LAUNCHXL-CC1312R1/Rev-D/Cadence/WCS042D_LAUNCHXL-CC1312R1_D_Top.art > ...
================================================================

  FILM PARAMETERS :
  ---------------------------------------------------------
  Undefined line width                0.0990
  Mirror code                         NONE
  Rotate angle                        NONE
  Offset x:                           0.0000
  Offset y:                           0.0000
  Plot negative                       NO
  Suppress unconnected internal pads  DYNAMIC
  Draw holes only                     NO



  APERTURES USED:
  ---------------------------------------------------------
  TYPE       SIZE/NAME                   ROT   MIRROR MODE 
  ---------------------------------------------------------
  CIRCLE     0.09900                                  DARK 
  CIRCLE     0.10000                                  DARK 
  CIRCLE     0.15000                                  DARK 
  CIRCLE     0.20000                                  DARK 
  CIRCLE     0.20100                                  DARK 
  CIRCLE     0.30000                                  DARK 
  CIRCLE     0.32000                                  DARK 
  CIRCLE     0.40000                                  DARK 
  CIRCLE     0.50000                                  DARK 
  CIRCLE     0.60000                                  DARK 
  CIRCLE     0.70000                                  DARK 
  CIRCLE     1.00000                                  DARK 
  CIRCLE     1.27000                                  DARK 
  CIRCLE     1.65000                                  DARK 
  CIRCLE     1.69900                                  DARK 
  CIRCLE     1.80000                                  DARK 
  CIRCLE     3.80000                                  DARK 
  SQUARE     3.25000                     0.000 NO     DARK 
  SQUARE     5.25000                     0.000 NO     DARK 
  RECTANGLE  0.30000     x 1.70000      90.000 NO     DARK 
  RECTANGLE  0.90000     x 1.70000       0.000 NO     DARK 
  RECTANGLE  1.00000     x 2.00000      90.000 NO     DARK 
  RECTANGLE  1.65000     x 2.50000       0.000 NO     DARK 
  RECTANGLE  1.65000     x 2.50000      90.000 NO     DARK 
  OBLONG     0.20100     x 1.50100       0.000 NO     DARK 
  OBLONG     0.20100     x 1.50100      90.000 NO     DARK 
  OBLONG     0.30000     x 0.85100       0.000 NO     DARK 
  OBLONG     0.30000     x 0.85100      90.000 NO     DARK 
  OBLONG     0.39900     x 0.89900      90.000 NO     DARK 
  OBLONG     1.15000     x 0.80000       0.000 NO     DARK 
  OBLONG     1.40000     x 2.10000       0.000 NO     DARK 
  PAD SHAPE  SHAPE_600RECT650            0.000 NO     DARK 
  PAD SHAPE  SHAPE_350RECT800            0.000 NO     DARK 
  PAD SHAPE  SHAPE_300RECTX1000          0.000 NO     DARK 
  PAD SHAPE  SHAPE_750RECTX3050_ETCH     0.000 NO     DARK 
  PAD SHAPE  SHAPE_640RECTX650           0.000 NO     DARK 
  PAD SHAPE  SHAPE_1450RECTX2100         0.000 NO     DARK 
  PAD SHAPE  SHAPE_300RECTX400_ETCH      0.000 NO     DARK 
  PAD SHAPE  SHAPE_2000RECT2000          0.000 NO     DARK 
  PAD SHAPE  SHAPE_450RECTX850_ETCH      0.000 NO     DARK 
  PAD SHAPE  SHAPE_350RECTX400_ETCH      0.000 NO     DARK 
  PAD SHAPE  SHAPE_300RECTX1450          0.000 NO     DARK 
  PAD SHAPE  SHAPE_1150RECTX1450         0.000 NO     DARK 
  PAD SHAPE  SHAPE_1000RECTX1400         0.000 NO     DARK 
  PAD SHAPE  SHAPE_450RECTX1400          0.000 NO     DARK 
  PAD SHAPE  SHAPE_1150RECT1400          0.000 NO     DARK 
  PAD SHAPE  SHAPE_1200RECT1400          0.000 NO     DARK 
  PAD SHAPE  SHAPE_200RECTX800           0.000 NO     DARK 
  PAD SHAPE  SHAPE_1400RECTX1900         0.000 NO     DARK 
  PAD SHAPE  SHAPE_500RECTX525           0.000 NO     DARK 
  PAD SHAPE  BULLET_300X800_ETCH         0.000 NO     DARK 
  PAD SHAPE  SHAPE_300RECTX900           0.000 NO     DARK 
  PAD SHAPE  SHAPE_300RECTX450           0.000 NO     DARK 
  PAD SHAPE  SHAPE_2400X1650__ETCH       0.000 NO     DARK 
  PAD SHAPE  SHAPE_500RECTX525          45.000 NO     DARK 
  PAD SHAPE  SHAPE_640RECTX650          45.000 NO     DARK 
  PAD SHAPE  SHAPE_200RECTX650          90.000 NO     DARK 
  PAD SHAPE  SHAPE_250RECTX800          90.000 NO     DARK 
  PAD SHAPE  SHAPE_600RECTX2000         90.000 NO     DARK 
  PAD SHAPE  SHAPE_640RECTX650          90.000 NO     DARK 
  PAD SHAPE  SHAPE_450RECTX1500         90.000 NO     DARK 
  PAD SHAPE  SHAPE_950RECT1000          90.000 NO     DARK 
  PAD SHAPE  SHAPE_500RECTX525          90.000 NO     DARK 
  PAD SHAPE  SHAPE_1200RECTX1400_ETCH   90.000 NO     DARK 
  PAD SHAPE  SHAPE_300RECTX1450         90.000 NO     DARK 
  PAD SHAPE  SHAPE_900RECTX1300         90.000 NO     DARK 
  PAD SHAPE  BULLET_300X800_ETCH        90.000 NO     DARK 
  PAD SHAPE  SHAPE_950RECTX1000_ETCH    90.000 NO     DARK 
  PAD SHAPE  SHAPE_1000RECTX1800_ETCH   90.000 NO     DARK 
  PAD SHAPE  SHAPE_1150RECTX2700_ETCH   90.000 NO     DARK 
  PAD SHAPE  SHAPE_350RECTX400_ETCH     90.000 NO     DARK 
  PAD SHAPE  SHAPE_750RECT900           90.000 NO     DARK 
  PAD SHAPE  SHAPE_2350RECTX2550_ETCH   90.000 NO     DARK 
  PAD SHAPE  SHAPE_300RECTX900          90.000 NO     DARK 
  PAD SHAPE  SHAPE_1150RECTX1450        90.000 NO     DARK 
  PAD SHAPE  SHAPE_750RECT750           90.000 NO     DARK 
  PAD SHAPE  SHAPE_200RECTX900          90.000 NO     DARK 
  PAD SHAPE  SHAPE_1150RECTX1800_ETCH   90.000 NO     DARK 
  PAD SHAPE  SHAPE_350RECT800           90.000 NO     DARK 
  PAD SHAPE  SHAPE_800RECTX900_ETCH    135.000 NO     DARK 
  PAD SHAPE  SHAPE_500RECTX525         135.000 NO     DARK 
  PAD SHAPE  SHAPE_350RECTX400_ETCH    180.000 NO     DARK 
  PAD SHAPE  SHAPE_750RECTX3050_ETCH   180.000 NO     DARK 
  PAD SHAPE  SHAPE_950RECTX1000_ETCH   180.000 NO     DARK 
  PAD SHAPE  SHAPE_300RECTX1000        180.000 NO     DARK 
  PAD SHAPE  SHAPE_300RECT750          180.000 NO     DARK 
  PAD SHAPE  SHAPE_750RECT900          180.000 NO     DARK 
  PAD SHAPE  SHAPE_500RECTX525         180.000 NO     DARK 
  PAD SHAPE  SHAPE_250RECTX800         180.000 NO     DARK 
  PAD SHAPE  SHAPE_640RECTX650         180.000 NO     DARK 
  PAD SHAPE  SHAPE_200RECTX650         180.000 NO     DARK 
  PAD SHAPE  BULLET_300X800_ETCH       180.000 NO     DARK 
  PAD SHAPE  SHAPE_900RECTX1300        180.000 NO     DARK 
  PAD SHAPE  SHAPE_1000RECTX1400       180.000 NO     DARK 
  PAD SHAPE  SHAPE_1150RECTX1450       180.000 NO     DARK 
  PAD SHAPE  SHAPE_600RECTX1350        180.000 NO     DARK 
  PAD SHAPE  SHAPE_500RECTX525         225.000 NO     DARK 
  PAD SHAPE  SHAPE_640RECTX650         225.000 NO     DARK 
  PAD SHAPE  SHAPE_300RECTX1000        270.000 NO     DARK 
  PAD SHAPE  SHAPE_900RECTX1300        270.000 NO     DARK 
  PAD SHAPE  SHAPE_400RECTX1200        270.000 NO     DARK 
  PAD SHAPE  SHAPE_300RECTX700_ETCH    270.000 NO     DARK 
  PAD SHAPE  SHAPE_1000RECTX1400       270.000 NO     DARK 
  PAD SHAPE  SHAPE_950RECTX1000_ETCH   270.000 NO     DARK 
  PAD SHAPE  SHAPE_750RECT750          270.000 NO     DARK 
  PAD SHAPE  SHAPE_600RECTX750_ETCH    270.000 NO     DARK 
  PAD SHAPE  SHAPE_350RECTX400_ETCH    270.000 NO     DARK 
  PAD SHAPE  SHAPE_1150RECTX1450       270.000 NO     DARK 
  PAD SHAPE  BULLET_300X800_ETCH       270.000 NO     DARK 
  PAD SHAPE  SHAPE_640RECTX650         270.000 NO     DARK 
  PAD SHAPE  SHAPE_600RECTX1350        270.000 NO     DARK 
  PAD SHAPE  SHAPE_200RECTX800         270.000 NO     DARK 
  PAD SHAPE  SHAPE_2400X1650__ETCH     270.000 NO     DARK 
  PAD SHAPE  SHAPE_500RECTX525         270.000 NO     DARK 
  PAD SHAPE  SHAPE_1150RECTX4800       270.000 NO     DARK 
  PAD SHAPE  SHAPE_500RECTX525         315.000 NO     DARK 
  PAD SHAPE  SHAPE_640RECTX650         315.000 NO     DARK 

     WCS042D_LAUNCHXL-CC1312R1_D_Top created.


================================================================
     PROCESSING FILM < Bottom >
     TO FILE < C:/Users/a0274226/Documents/MyDocs/Projects/LAUNCHXL-CC1312R1/Rev-D/Cadence/WCS042D_LAUNCHXL-CC1312R1_D_Bottom.art > ...
================================================================

  FILM PARAMETERS :
  ---------------------------------------------------------
  Undefined line width                0.0990
  Mirror code                         NONE
  Rotate angle                        NONE
  Offset x:                           0.0000
  Offset y:                           0.0000
  Plot negative                       NO
  Suppress unconnected internal pads  DYNAMIC
  Draw holes only                     NO



  APERTURES USED:
  ---------------------------------------------------------
  TYPE       SIZE/NAME                   ROT   MIRROR MODE 
  ---------------------------------------------------------
  CIRCLE     0.09900                                  DARK 
  CIRCLE     0.10000                                  DARK 
  CIRCLE     0.15000                                  DARK 
  CIRCLE     0.30000                                  DARK 
  CIRCLE     0.40000                                  DARK 
  CIRCLE     0.50000                                  DARK 
  CIRCLE     0.60000                                  DARK 
  CIRCLE     0.70000                                  DARK 
  CIRCLE     0.80000                                  DARK 
  CIRCLE     1.00000                                  DARK 
  CIRCLE     1.27000                                  DARK 
  CIRCLE     1.65000                                  DARK 
  CIRCLE     1.69900                                  DARK 
  CIRCLE     3.80000                                  DARK 
  OBLONG     1.40000     x 2.10000       0.000 NO     DARK 

     WCS042D_LAUNCHXL-CC1312R1_D_Bottom created.


================================================================
     PROCESSING FILM < assembly_top >
     TO FILE < C:/Users/a0274226/Documents/MyDocs/Projects/LAUNCHXL-CC1312R1/Rev-D/Cadence/WCS042D_LAUNCHXL-CC1312R1_D_assembly_top.art > ...
================================================================

  FILM PARAMETERS :
  ---------------------------------------------------------
  Undefined line width                0.0990
  Mirror code                         NONE
  Rotate angle                        NONE
  Offset x:                           0.0000
  Offset y:                           0.0000
  Plot negative                       NO
  Suppress unconnected internal pads  DYNAMIC
  Draw holes only                     NO



  APERTURES USED:
  ---------------------------------------------------------
  TYPE       SIZE/NAME                   ROT   MIRROR MODE 
  ---------------------------------------------------------
  CIRCLE     0.05000                                  DARK 
  CIRCLE     0.09900                                  DARK 
  CIRCLE     0.10000                                  DARK 
  CIRCLE     0.15000                                  DARK 
  CIRCLE     0.25000                                  DARK 

     WCS042D_LAUNCHXL-CC1312R1_D_assembly_top created.


================================================================
     PROCESSING FILM < drill >
     TO FILE < C:/Users/a0274226/Documents/MyDocs/Projects/LAUNCHXL-CC1312R1/Rev-D/Cadence/WCS042D_LAUNCHXL-CC1312R1_D_drill.art > ...
================================================================

  FILM PARAMETERS :
  ---------------------------------------------------------
  Undefined line width                0.0990
  Mirror code                         NONE
  Rotate angle                        NONE
  Offset x:                           0.0000
  Offset y:                           0.0000
  Plot negative                       NO
  Suppress unconnected internal pads  DYNAMIC
  Draw holes only                     NO



  APERTURES USED:
  ---------------------------------------------------------
  TYPE       SIZE/NAME                   ROT   MIRROR MODE 
  ---------------------------------------------------------
  CIRCLE     0.03000                                  DARK 
  CIRCLE     0.09900                                  DARK 
  CIRCLE     0.10000                                  DARK 
  CIRCLE     0.15000                                  DARK 
  CIRCLE     0.25000                                  DARK 
  CIRCLE     0.30000                                  DARK 

     WCS042D_LAUNCHXL-CC1312R1_D_drill created.


================================================================
     PROCESSING FILM < Layer2 >
     TO FILE < C:/Users/a0274226/Documents/MyDocs/Projects/LAUNCHXL-CC1312R1/Rev-D/Cadence/WCS042D_LAUNCHXL-CC1312R1_D_Layer2.art > ...
================================================================

  FILM PARAMETERS :
  ---------------------------------------------------------
  Undefined line width                0.0200
  Mirror code                         NONE
  Rotate angle                        NONE
  Offset x:                           0.0000
  Offset y:                           0.0000
  Plot negative                       NO
  Suppress unconnected internal pads  DYNAMIC
  Draw holes only                     NO



  APERTURES USED:
  ---------------------------------------------------------
  TYPE       SIZE/NAME                   ROT   MIRROR MODE 
  ---------------------------------------------------------
  CIRCLE     0.02000                                  DARK 
  CIRCLE     0.09900                                  DARK 
  CIRCLE     0.10000                                  DARK 
  CIRCLE     0.15000                                  DARK 
  CIRCLE     0.30000                                  DARK 
  CIRCLE     0.40000                                  DARK 
  CIRCLE     0.50000                                  DARK 
  CIRCLE     0.70000                                  DARK 
  CIRCLE     1.00000                                  DARK 
  CIRCLE     1.65000                                  DARK 
  CIRCLE     1.69900                                  DARK 
  CIRCLE     3.80000                                  DARK 
  OBLONG     1.40000     x 2.10000       0.000 NO     DARK 

     WCS042D_LAUNCHXL-CC1312R1_D_Layer2 created.


================================================================
     PROCESSING FILM < Layer3 >
     TO FILE < C:/Users/a0274226/Documents/MyDocs/Projects/LAUNCHXL-CC1312R1/Rev-D/Cadence/WCS042D_LAUNCHXL-CC1312R1_D_Layer3.art > ...
================================================================

  FILM PARAMETERS :
  ---------------------------------------------------------
  Undefined line width                0.0200
  Mirror code                         NONE
  Rotate angle                        NONE
  Offset x:                           0.0000
  Offset y:                           0.0000
  Plot negative                       NO
  Suppress unconnected internal pads  DYNAMIC
  Draw holes only                     NO



  APERTURES USED:
  ---------------------------------------------------------
  TYPE       SIZE/NAME                   ROT   MIRROR MODE 
  ---------------------------------------------------------
  CIRCLE     0.02000                                  DARK 
  CIRCLE     0.09900                                  DARK 
  CIRCLE     0.10000                                  DARK 
  CIRCLE     0.15000                                  DARK 
  CIRCLE     0.20000                                  DARK 
  CIRCLE     0.30000                                  DARK 
  CIRCLE     0.40000                                  DARK 
  CIRCLE     0.50000                                  DARK 
  CIRCLE     0.60000                                  DARK 
  CIRCLE     1.00000                                  DARK 
  CIRCLE     1.65000                                  DARK 
  CIRCLE     1.69900                                  DARK 
  CIRCLE     3.80000                                  DARK 
  OBLONG     1.40000     x 2.10000       0.000 NO     DARK 

     WCS042D_LAUNCHXL-CC1312R1_D_Layer3 created.


================================================================
     PROCESSING FILM < assembly_bottom_mirrored >
     TO FILE < C:/Users/a0274226/Documents/MyDocs/Projects/LAUNCHXL-CC1312R1/Rev-D/Cadence/WCS042D_LAUNCHXL-CC1312R1_D_assembly_bottom_mirrored.art > ...
================================================================

  FILM PARAMETERS :
  ---------------------------------------------------------
  Undefined line width                0.0990
  Mirror code                         X
  Rotate angle                        NONE
  Offset x:                           0.0000
  Offset y:                           0.0000
  Plot negative                       NO
  Suppress unconnected internal pads  DYNAMIC
  Draw holes only                     NO



  APERTURES USED:
  ---------------------------------------------------------
  TYPE       SIZE/NAME                   ROT   MIRROR MODE 
  ---------------------------------------------------------
  CIRCLE     0.05000                                  DARK 
  CIRCLE     0.09900                                  DARK 
  CIRCLE     0.10000                                  DARK 

     WCS042D_LAUNCHXL-CC1312R1_D_assembly_bottom_mirrored created.


================================================================
     PROCESSING FILM < WorkView >
     TO FILE < C:/Users/a0274226/Documents/MyDocs/Projects/LAUNCHXL-CC1312R1/Rev-D/Cadence/WCS042D_LAUNCHXL-CC1312R1_D_WorkView.art > ...
================================================================

  FILM PARAMETERS :
  ---------------------------------------------------------
  Undefined line width                0.0000
  Mirror code                         NONE
  Rotate angle                        NONE
  Offset x:                           0.0000
  Offset y:                           0.0000
  Plot negative                       NO
  Suppress unconnected internal pads  DYNAMIC
  Draw holes only                     NO

    WARNING: rectangle or unfilled shape composed 0 width line found at (201.7750 176.0000)
           ... ignored.

    WARNING: rectangle or unfilled shape having Multiple 0 width lines; all will be treated the same as the first.
           ... ignored.



  APERTURES USED:  NONE
     WCS042D_LAUNCHXL-CC1312R1_D_WorkView created with warnings


================================================================
     PROCESSING FILM < Silk_top_workview >
     TO FILE < C:/Users/a0274226/Documents/MyDocs/Projects/LAUNCHXL-CC1312R1/Rev-D/Cadence/WCS042D_LAUNCHXL-CC1312R1_D_Silk_top_workview.art > ...
================================================================

  FILM PARAMETERS :
  ---------------------------------------------------------
  Undefined line width                0.0000
  Mirror code                         NONE
  Rotate angle                        NONE
  Offset x:                           0.0000
  Offset y:                           0.0000
  Plot negative                       NO
  Suppress unconnected internal pads  DYNAMIC
  Draw holes only                     NO

    WARNING: Arc segment with end points of
	(203.24, 211.67) and (203.17 211.44) converted to a line.
	Its center location (84.18 251.23) is too large for
	specified integer accuracy of 2 places.

    WARNING: Arc segment with end points of
	(203.07, 244.72) and (203.00 244.50) converted to a line.
	Its center location (84.01 284.28) is too large for
	specified integer accuracy of 2 places.

    WARNING: Arc segment with end points of
	(213.64, 244.67) and (213.57 244.44) converted to a line.
	Its center location (94.58 284.23) is too large for
	specified integer accuracy of 2 places.

    WARNING: Arc segment with end points of
	(216.28, 251.27) and (216.50 251.20) converted to a line.
	Its center location (176.72 132.21) is too large for
	specified integer accuracy of 2 places.

    WARNING: Arc segment with end points of
	(213.73, 251.64) and (213.96 251.57) converted to a line.
	Its center location (174.17 132.58) is too large for
	specified integer accuracy of 2 places.

    WARNING: Arc segment with end points of
	(256.80, 211.50) and (256.73 211.27) converted to a line.
	Its center location (137.74 251.06) is too large for
	specified integer accuracy of 2 places.



  APERTURES USED:
  ---------------------------------------------------------
  TYPE       SIZE/NAME                   ROT   MIRROR MODE 
  ---------------------------------------------------------
  CIRCLE     0.09900                                  DARK 
  CIRCLE     0.10000                                  DARK 
  CIRCLE     0.18000                                  DARK 
  CIRCLE     0.25000                                  DARK 
  CIRCLE     0.30000                                  DARK 
  CIRCLE     0.60000                                  DARK 
  CIRCLE     1.27000                                  DARK 
  CIRCLE     1.65000                                  DARK 
  CIRCLE     1.69900                                  DARK 
  CIRCLE     1.80000                                  DARK 
  CIRCLE     3.80000                                  DARK 
  SQUARE     3.25000                     0.000 NO     DARK 
  SQUARE     5.25000                     0.000 NO     DARK 
  RECTANGLE  0.30000     x 1.70000      90.000 NO     DARK 
  RECTANGLE  0.90000     x 1.70000       0.000 NO     DARK 
  RECTANGLE  1.00000     x 2.00000      90.000 NO     DARK 
  RECTANGLE  1.65000     x 2.50000       0.000 NO     DARK 
  RECTANGLE  1.65000     x 2.50000      90.000 NO     DARK 
  OBLONG     0.20100     x 1.50100       0.000 NO     DARK 
  OBLONG     0.20100     x 1.50100      90.000 NO     DARK 
  OBLONG     0.30000     x 0.85100       0.000 NO     DARK 
  OBLONG     0.30000     x 0.85100      90.000 NO     DARK 
  OBLONG     0.39900     x 0.89900      90.000 NO     DARK 
  OBLONG     1.15000     x 0.80000       0.000 NO     DARK 
  OBLONG     1.40000     x 2.10000       0.000 NO     DARK 
  PAD SHAPE  SHAPE_350RECT800            0.000 NO     DARK 
  PAD SHAPE  SHAPE_750RECTX3050_ETCH     0.000 NO     DARK 
  PAD SHAPE  SHAPE_300RECTX1000          0.000 NO     DARK 
  PAD SHAPE  SHAPE_600RECT650            0.000 NO     DARK 
  PAD SHAPE  BULLET_300X800_ETCH         0.000 NO     DARK 
  PAD SHAPE  SHAPE_1450RECTX2100         0.000 NO     DARK 
  PAD SHAPE  SHAPE_450RECTX850_ETCH      0.000 NO     DARK 
  PAD SHAPE  SHAPE_1150RECT1400          0.000 NO     DARK 
  PAD SHAPE  SHAPE_300RECTX400_ETCH      0.000 NO     DARK 
  PAD SHAPE  SHAPE_1000RECTX1400         0.000 NO     DARK 
  PAD SHAPE  SHAPE_500RECTX525           0.000 NO     DARK 
  PAD SHAPE  SHAPE_300RECTX1450          0.000 NO     DARK 
  PAD SHAPE  SHAPE_2000RECT2000          0.000 NO     DARK 
  PAD SHAPE  SHAPE_200RECTX800           0.000 NO     DARK 
  PAD SHAPE  SHAPE_450RECTX1400          0.000 NO     DARK 
  PAD SHAPE  SHAPE_1150RECTX1450         0.000 NO     DARK 
  PAD SHAPE  SHAPE_1200RECT1400          0.000 NO     DARK 
  PAD SHAPE  SHAPE_1400RECTX1900         0.000 NO     DARK 
  PAD SHAPE  SHAPE_350RECTX400_ETCH      0.000 NO     DARK 
  PAD SHAPE  SHAPE_640RECTX650           0.000 NO     DARK 
  PAD SHAPE  SHAPE_300RECTX900           0.000 NO     DARK 
  PAD SHAPE  SHAPE_300RECTX450           0.000 NO     DARK 
  PAD SHAPE  SHAPE_2400X1650__ETCH       0.000 NO     DARK 
  PAD SHAPE  SHAPE_500RECTX525          45.000 NO     DARK 
  PAD SHAPE  SHAPE_640RECTX650          45.000 NO     DARK 
  PAD SHAPE  SHAPE_600RECTX2000         90.000 NO     DARK 
  PAD SHAPE  SHAPE_950RECT1000          90.000 NO     DARK 
  PAD SHAPE  SHAPE_200RECTX650          90.000 NO     DARK 
  PAD SHAPE  BULLET_300X800_ETCH        90.000 NO     DARK 
  PAD SHAPE  SHAPE_250RECTX800          90.000 NO     DARK 
  PAD SHAPE  SHAPE_900RECTX1300         90.000 NO     DARK 
  PAD SHAPE  SHAPE_500RECTX525          90.000 NO     DARK 
  PAD SHAPE  SHAPE_1200RECTX1400_ETCH   90.000 NO     DARK 
  PAD SHAPE  SHAPE_450RECTX1500         90.000 NO     DARK 
  PAD SHAPE  SHAPE_300RECTX1450         90.000 NO     DARK 
  PAD SHAPE  SHAPE_640RECTX650          90.000 NO     DARK 
  PAD SHAPE  SHAPE_950RECTX1000_ETCH    90.000 NO     DARK 
  PAD SHAPE  SHAPE_1000RECTX1800_ETCH   90.000 NO     DARK 
  PAD SHAPE  SHAPE_350RECT800           90.000 NO     DARK 
  PAD SHAPE  SHAPE_300RECTX900          90.000 NO     DARK 
  PAD SHAPE  SHAPE_750RECT900           90.000 NO     DARK 
  PAD SHAPE  SHAPE_2350RECTX2550_ETCH   90.000 NO     DARK 
  PAD SHAPE  SHAPE_200RECTX900          90.000 NO     DARK 
  PAD SHAPE  SHAPE_1150RECTX1450        90.000 NO     DARK 
  PAD SHAPE  SHAPE_1150RECTX1800_ETCH   90.000 NO     DARK 
  PAD SHAPE  SHAPE_750RECT750           90.000 NO     DARK 
  PAD SHAPE  SHAPE_1150RECTX2700_ETCH   90.000 NO     DARK 
  PAD SHAPE  SHAPE_350RECTX400_ETCH     90.000 NO     DARK 
  PAD SHAPE  SHAPE_800RECTX900_ETCH    135.000 NO     DARK 
  PAD SHAPE  SHAPE_500RECTX525         135.000 NO     DARK 
  PAD SHAPE  SHAPE_750RECTX3050_ETCH   180.000 NO     DARK 
  PAD SHAPE  SHAPE_640RECTX650         180.000 NO     DARK 
  PAD SHAPE  SHAPE_500RECTX525         180.000 NO     DARK 
  PAD SHAPE  SHAPE_300RECTX1000        180.000 NO     DARK 
  PAD SHAPE  SHAPE_300RECT750          180.000 NO     DARK 
  PAD SHAPE  SHAPE_750RECT900          180.000 NO     DARK 
  PAD SHAPE  SHAPE_250RECTX800         180.000 NO     DARK 
  PAD SHAPE  SHAPE_200RECTX650         180.000 NO     DARK 
  PAD SHAPE  SHAPE_350RECTX400_ETCH    180.000 NO     DARK 
  PAD SHAPE  SHAPE_1150RECTX1450       180.000 NO     DARK 
  PAD SHAPE  BULLET_300X800_ETCH       180.000 NO     DARK 
  PAD SHAPE  SHAPE_900RECTX1300        180.000 NO     DARK 
  PAD SHAPE  SHAPE_1000RECTX1400       180.000 NO     DARK 
  PAD SHAPE  SHAPE_950RECTX1000_ETCH   180.000 NO     DARK 
  PAD SHAPE  SHAPE_600RECTX1350        180.000 NO     DARK 
  PAD SHAPE  SHAPE_640RECTX650         225.000 NO     DARK 
  PAD SHAPE  SHAPE_500RECTX525         225.000 NO     DARK 
  PAD SHAPE  SHAPE_950RECTX1000_ETCH   270.000 NO     DARK 
  PAD SHAPE  SHAPE_400RECTX1200        270.000 NO     DARK 
  PAD SHAPE  SHAPE_300RECTX1000        270.000 NO     DARK 
  PAD SHAPE  SHAPE_300RECTX700_ETCH    270.000 NO     DARK 
  PAD SHAPE  SHAPE_900RECTX1300        270.000 NO     DARK 
  PAD SHAPE  SHAPE_600RECTX1350        270.000 NO     DARK 
  PAD SHAPE  SHAPE_350RECTX400_ETCH    270.000 NO     DARK 
  PAD SHAPE  SHAPE_600RECTX750_ETCH    270.000 NO     DARK 
  PAD SHAPE  SHAPE_200RECTX800         270.000 NO     DARK 
  PAD SHAPE  SHAPE_640RECTX650         270.000 NO     DARK 
  PAD SHAPE  BULLET_300X800_ETCH       270.000 NO     DARK 
  PAD SHAPE  SHAPE_1000RECTX1400       270.000 NO     DARK 
  PAD SHAPE  SHAPE_500RECTX525         270.000 NO     DARK 
  PAD SHAPE  SHAPE_750RECT750          270.000 NO     DARK 
  PAD SHAPE  SHAPE_1150RECTX4800       270.000 NO     DARK 
  PAD SHAPE  SHAPE_2400X1650__ETCH     270.000 NO     DARK 
  PAD SHAPE  SHAPE_1150RECTX1450       270.000 NO     DARK 
  PAD SHAPE  SHAPE_640RECTX650         315.000 NO     DARK 
  PAD SHAPE  SHAPE_500RECTX525         315.000 NO     DARK 

     WCS042D_LAUNCHXL-CC1312R1_D_Silk_top_workview created with warnings


------------------------------------------------------
 SUMMARY:
        WCS042D_LAUNCHXL-CC1312R1_D_paste_top created with warnings
        WCS042D_LAUNCHXL-CC1312R1_D_paste_bottom created.
        WCS042D_LAUNCHXL-CC1312R1_D_soldmask_top created.
        WCS042D_LAUNCHXL-CC1312R1_D_soldmask_bottom created.
        WCS042D_LAUNCHXL-CC1312R1_D_silk_top created with warnings
        WCS042D_LAUNCHXL-CC1312R1_D_silk_bottom created with warnings
        WCS042D_LAUNCHXL-CC1312R1_D_assembly_bottom created with warnings
        WCS042D_LAUNCHXL-CC1312R1_D_Top created.
        WCS042D_LAUNCHXL-CC1312R1_D_Bottom created.
        WCS042D_LAUNCHXL-CC1312R1_D_assembly_top created.
        WCS042D_LAUNCHXL-CC1312R1_D_drill created.
        WCS042D_LAUNCHXL-CC1312R1_D_Layer2 created.
        WCS042D_LAUNCHXL-CC1312R1_D_Layer3 created.
        WCS042D_LAUNCHXL-CC1312R1_D_assembly_bottom_mirrored created.
        WCS042D_LAUNCHXL-CC1312R1_D_WorkView created with warnings
        WCS042D_LAUNCHXL-CC1312R1_D_Silk_top_workview created with warnings

 ARTWORK had warnings
