INFO: Loaded existing device file 'C:\Users\a0274226\Documents\MyDocs\Projects\LAUNCHXL-CC1312R1\Rev-D\Cadence\devices.dml'
INFO: Finished loading SigNoise device libraries
INFO: Loaded existing device file 'C:\Users\a0274226\Documents\MyDocs\Projects\LAUNCHXL-CC1312R1\Rev-D\Cadence\devices.dml'
INFO: Finished loading SigNoise device libraries
INFO: Loaded existing interconnect file 'C:\Users\a0274226\Documents\MyDocs\Projects\LAUNCHXL-CC1312R1\Rev-D\Cadence\interconn.iml'
INFO: Loaded existing interconnect file 'C:\Cadence\SPB_17.2\share\pcb\signal\cds_interconn.iml'
INFO: Finished loading SigNoise interconnect libraries
INFO: Field Solver bem2d for STL_1S_1R_1393
INFO: Executing command: bem2d 0 "C:/Users/a0274226/AppData/Local/Temp/#Taaaahh10428.in" 0.00127
INFO: Field Solver bem2d for STL_1S_1R_1394
INFO: Executing command: bem2d 0 "C:/Users/a0274226/AppData/Local/Temp/#Taaaahi10428.in" 0.00127
INFO: Field Solver bem2d for STL_1S_1R_1395
INFO: Executing command: bem2d 0 "C:/Users/a0274226/AppData/Local/Temp/#Taaaahj10428.in" 0.00127
INFO: Field Solver bem2d for STL_1S_1R_1396
INFO: Executing command: bem2d 0 "C:/Users/a0274226/AppData/Local/Temp/#Taaaahk10428.in" 0.00127
INFO: Field Solver bem2d for STL_1S_1R_1397
INFO: Executing command: bem2d 0 "C:/Users/a0274226/AppData/Local/Temp/#Taaaahl10428.in" 0.00127
INFO: Field Solver bem2d for STL_1S_1R_1398
INFO: Executing command: bem2d 0 "C:/Users/a0274226/AppData/Local/Temp/#Taaaahm10428.in" 0.00127
INFO: Field Solver bem2d for STL_1S_1R_1399
INFO: Executing command: bem2d 0 "C:/Users/a0274226/AppData/Local/Temp/#Taaaahn10428.in" 0.00127
INFO: Field Solver bem2d for STL_1S_1R_1400
INFO: Executing command: bem2d 0 "C:/Users/a0274226/AppData/Local/Temp/#Taaaaho10428.in" 0.00127
INFO: Field Solver bem2d for STL_1S_1R_1401
INFO: Executing command: bem2d 0 "C:/Users/a0274226/AppData/Local/Temp/#Taaaahp10428.in" 0.00127
INFO: Field Solver bem2d for STL_1S_1R_1402
INFO: Executing command: bem2d 0 "C:/Users/a0274226/AppData/Local/Temp/#Taaaahq10428.in" 0.00127
INFO: Field Solver bem2d for STL_1S_1R_1403
INFO: Executing command: bem2d 0 "C:/Users/a0274226/AppData/Local/Temp/#Taaaahr10428.in" 0.00127
INFO: Field Solver bem2d for STL_1S_1R_1404
INFO: Executing command: bem2d 0 "C:/Users/a0274226/AppData/Local/Temp/#Taaaahs10428.in" 0.00127
INFO: Field Solver bem2d for STL_1S_1R_1405
INFO: Executing command: bem2d 0 "C:/Users/a0274226/AppData/Local/Temp/#Taaaaht10428.in" 0.00127
INFO: Field Solver bem2d for STL_1S_1R_1406
INFO: Executing command: bem2d 0 "C:/Users/a0274226/AppData/Local/Temp/#Taaaahu10428.in" 0.00127
INFO: Field Solver bem2d for STL_1S_1R_1407
INFO: Executing command: bem2d 0 "C:/Users/a0274226/AppData/Local/Temp/#Taaaahv10428.in" 0.00127
INFO: Field Solver bem2d for STL_1S_1R_1408
INFO: Executing command: bem2d 0 "C:/Users/a0274226/AppData/Local/Temp/#Taaaahw10428.in" 0.00127
INFO: Field Solver bem2d for STL_1S_1R_1409
INFO: Executing command: bem2d 0 "C:/Users/a0274226/AppData/Local/Temp/#Taaaahx10428.in" 0.00127
INFO: Field Solver bem2d for STL_1S_1R_1410
INFO: Executing command: bem2d 0 "C:/Users/a0274226/AppData/Local/Temp/#Taaaahy10428.in" 0.00127
INFO: Field Solver bem2d for STL_1S_1R_1411
INFO: Executing command: bem2d 0 "C:/Users/a0274226/AppData/Local/Temp/#Taaaahz10428.in" 0.00127
INFO: Field Solver bem2d for STL_1S_1R_1412
INFO: Executing command: bem2d 0 "C:/Users/a0274226/AppData/Local/Temp/#Taaaaia10428.in" 0.00127
INFO: Field Solver bem2d for STL_1S_1R_1413
INFO: Executing command: bem2d 0 "C:/Users/a0274226/AppData/Local/Temp/#Taaaaib10428.in" 0.00127
INFO: Field Solver bem2d for STL_1S_1R_1414
INFO: Executing command: bem2d 0 "C:/Users/a0274226/AppData/Local/Temp/#Taaaaic10428.in" 0.00127
INFO: Field Solver bem2d for STL_1S_1R_1415
INFO: Executing command: bem2d 0 "C:/Users/a0274226/AppData/Local/Temp/#Taaaaid10428.in" 0.00127
INFO: Field Solver bem2d for STL_1S_1R_1416
INFO: Executing command: bem2d 0 "C:/Users/a0274226/AppData/Local/Temp/#Taaaaie10428.in" 0.00127
INFO: Field Solver bem2d for STL_1S_1R_1417
INFO: Executing command: bem2d 0 "C:/Users/a0274226/AppData/Local/Temp/#Taaaaif10428.in" 0.00127
INFO: Field Solver bem2d for STL_1S_1R_1418
INFO: Executing command: bem2d 0 "C:/Users/a0274226/AppData/Local/Temp/#Taaaaig10428.in" 0.00127
INFO: Field Solver bem2d for STL_1S_1R_1419
INFO: Executing command: bem2d 0 "C:/Users/a0274226/AppData/Local/Temp/#Taaaaih10428.in" 0.00127
INFO: Field Solver bem2d for STL_1S_1R_1420
INFO: Executing command: bem2d 0 "C:/Users/a0274226/AppData/Local/Temp/#Taaaaii10428.in" 0.00127
INFO: Field Solver bem2d for STL_1S_1R_1421
INFO: Executing command: bem2d 0 "C:/Users/a0274226/AppData/Local/Temp/#Taaaaij10428.in" 0.00127
INFO: Field Solver bem2d for STL_1S_1R_1422
INFO: Executing command: bem2d 0 "C:/Users/a0274226/AppData/Local/Temp/#Taaaaik10428.in" 0.00127
INFO: Field Solver bem2d for STL_1S_1R_1423
INFO: Executing command: bem2d 0 "C:/Users/a0274226/AppData/Local/Temp/#Taaaail10428.in" 0.00127
INFO: Field Solver bem2d for STL_1S_1R_1424
INFO: Executing command: bem2d 0 "C:/Users/a0274226/AppData/Local/Temp/#Taaaaim10428.in" 0.00127
INFO: Field Solver bem2d for STL_1S_1R_1425
INFO: Executing command: bem2d 0 "C:/Users/a0274226/AppData/Local/Temp/#Taaaain10428.in" 0.00127
INFO: Field Solver bem2d for STL_1S_1R_1426
INFO: Executing command: bem2d 0 "C:/Users/a0274226/AppData/Local/Temp/#Taaaaio10428.in" 0.00127
INFO: Field Solver bem2d for STL_1S_1R_1427
INFO: Executing command: bem2d 0 "C:/Users/a0274226/AppData/Local/Temp/#Taaaaip10428.in" 0.00127
INFO: Field Solver bem2d for STL_1S_1R_1428
INFO: Executing command: bem2d 0 "C:/Users/a0274226/AppData/Local/Temp/#Taaaaiq10428.in" 0.00127
INFO: Field Solver bem2d for STL_1S_1R_1429
INFO: Executing command: bem2d 0 "C:/Users/a0274226/AppData/Local/Temp/#Taaaair10428.in" 0.00127
INFO: Field Solver bem2d for STL_1S_1R_1430
INFO: Executing command: bem2d 0 "C:/Users/a0274226/AppData/Local/Temp/#Taaaais10428.in" 0.00127
INFO: Field Solver bem2d for STL_1S_1R_1431
INFO: Executing command: bem2d 0 "C:/Users/a0274226/AppData/Local/Temp/#Taaaait10428.in" 0.00127
INFO: Field Solver bem2d for STL_1S_1R_1432
INFO: Executing command: bem2d 0 "C:/Users/a0274226/AppData/Local/Temp/#Taaaaiu10428.in" 0.00127
INFO: Field Solver bem2d for STL_1S_1R_1433
INFO: Executing command: bem2d 0 "C:/Users/a0274226/AppData/Local/Temp/#Taaaaiv10428.in" 0.00127
INFO: Field Solver bem2d for STL_1S_1R_1434
INFO: Executing command: bem2d 0 "C:/Users/a0274226/AppData/Local/Temp/#Taaaaiw10428.in" 0.00127
INFO: Field Solver bem2d for STL_1S_1R_1435
INFO: Executing command: bem2d 0 "C:/Users/a0274226/AppData/Local/Temp/#Taaaaix10428.in" 0.00127
INFO: Field Solver bem2d for STL_1S_1R_1436
INFO: Executing command: bem2d 0 "C:/Users/a0274226/AppData/Local/Temp/#Taaaaiy10428.in" 0.00127
INFO: Field Solver bem2d for STL_1S_1R_1437
INFO: Executing command: bem2d 0 "C:/Users/a0274226/AppData/Local/Temp/#Taaaaiz10428.in" 0.00127
INFO: Field Solver bem2d for STL_1S_1R_1438
INFO: Executing command: bem2d 0 "C:/Users/a0274226/AppData/Local/Temp/#Taaaaja10428.in" 0.00127
INFO: Field Solver bem2d for STL_1S_1R_1439
INFO: Executing command: bem2d 0 "C:/Users/a0274226/AppData/Local/Temp/#Taaaajb10428.in" 0.00127
INFO: Field Solver bem2d for STL_1S_1R_1440
INFO: Executing command: bem2d 0 "C:/Users/a0274226/AppData/Local/Temp/#Taaaajc10428.in" 0.00127
INFO: Field Solver bem2d for STL_1S_1R_1441
INFO: Executing command: bem2d 0 "C:/Users/a0274226/AppData/Local/Temp/#Taaaajd10428.in" 0.00127
INFO: Field Solver bem2d for STL_1S_1R_1442
INFO: Executing command: bem2d 0 "C:/Users/a0274226/AppData/Local/Temp/#Taaaaje10428.in" 0.00127
INFO: Field Solver bem2d for STL_1S_1R_1443
INFO: Executing command: bem2d 0 "C:/Users/a0274226/AppData/Local/Temp/#Taaaajf10428.in" 0.00127
INFO: Field Solver bem2d for STL_1S_1R_1444
INFO: Executing command: bem2d 0 "C:/Users/a0274226/AppData/Local/Temp/#Taaaajg10428.in" 0.00127
INFO: Field Solver bem2d for STL_1S_1R_1445
INFO: Executing command: bem2d 0 "C:/Users/a0274226/AppData/Local/Temp/#Taaaajh10428.in" 0.00127
INFO: Field Solver bem2d for STL_1S_1R_1446
INFO: Executing command: bem2d 0 "C:/Users/a0274226/AppData/Local/Temp/#Taaaaji10428.in" 0.00127
INFO: Field Solver bem2d for STL_1S_1R_1447
INFO: Executing command: bem2d 0 "C:/Users/a0274226/AppData/Local/Temp/#Taaaajj10428.in" 0.00127
INFO: Field Solver bem2d for STL_1S_1R_1448
INFO: Executing command: bem2d 0 "C:/Users/a0274226/AppData/Local/Temp/#Taaaajk10428.in" 0.00127
INFO: Field Solver bem2d for STL_1S_1R_1449
INFO: Executing command: bem2d 0 "C:/Users/a0274226/AppData/Local/Temp/#Taaaajl10428.in" 0.00127
INFO: Field Solver bem2d for STL_1S_1R_1450
INFO: Executing command: bem2d 0 "C:/Users/a0274226/AppData/Local/Temp/#Taaaajm10428.in" 0.00127
INFO: Field Solver bem2d for STL_1S_1R_1451
INFO: Executing command: bem2d 0 "C:/Users/a0274226/AppData/Local/Temp/#Taaaajn10428.in" 0.00127
INFO: Field Solver bem2d for STL_1S_1R_1452
INFO: Executing command: bem2d 0 "C:/Users/a0274226/AppData/Local/Temp/#Taaaajo10428.in" 0.00127
INFO: Field Solver bem2d for STL_1S_1R_1453
INFO: Executing command: bem2d 0 "C:/Users/a0274226/AppData/Local/Temp/#Taaaajp10428.in" 0.00127
INFO: Field Solver bem2d for STL_1S_1R_1454
INFO: Executing command: bem2d 0 "C:/Users/a0274226/AppData/Local/Temp/#Taaaajq10428.in" 0.00127
INFO: Field Solver bem2d for STL_1S_1R_1455
INFO: Executing command: bem2d 0 "C:/Users/a0274226/AppData/Local/Temp/#Taaaajr10428.in" 0.00127
INFO: Field Solver bem2d for STL_1S_1R_1456
INFO: Executing command: bem2d 0 "C:/Users/a0274226/AppData/Local/Temp/#Taaaajs10428.in" 0.00127
INFO: Field Solver bem2d for STL_1S_1R_1457
INFO: Executing command: bem2d 0 "C:/Users/a0274226/AppData/Local/Temp/#Taaaajt10428.in" 0.00127
INFO: Field Solver bem2d for STL_1S_1R_1458
INFO: Executing command: bem2d 0 "C:/Users/a0274226/AppData/Local/Temp/#Taaaaju10428.in" 0.00127
INFO: Field Solver bem2d for STL_1S_1R_1459
INFO: Executing command: bem2d 0 "C:/Users/a0274226/AppData/Local/Temp/#Taaaajv10428.in" 0.00127
INFO: Field Solver bem2d for STL_1S_1R_1460
INFO: Executing command: bem2d 0 "C:/Users/a0274226/AppData/Local/Temp/#Taaaajw10428.in" 0.00127
INFO: Field Solver bem2d for STL_1S_1R_1461
INFO: Executing command: bem2d 0 "C:/Users/a0274226/AppData/Local/Temp/#Taaaajx10428.in" 0.00127
INFO: Field Solver bem2d for STL_1S_1R_1462
INFO: Executing command: bem2d 0 "C:/Users/a0274226/AppData/Local/Temp/#Taaaajy10428.in" 0.00127
INFO: Field Solver bem2d for STL_1S_1R_1463
INFO: Executing command: bem2d 0 "C:/Users/a0274226/AppData/Local/Temp/#Taaaajz10428.in" 0.00127
INFO: Field Solver bem2d for STL_1S_1R_1464
INFO: Executing command: bem2d 0 "C:/Users/a0274226/AppData/Local/Temp/#Taaaaka10428.in" 0.00127
INFO: Field Solver bem2d for STL_1S_1R_1465
INFO: Executing command: bem2d 0 "C:/Users/a0274226/AppData/Local/Temp/#Taaaakb10428.in" 0.00127
INFO: Field Solver bem2d for STL_1S_1R_1466
INFO: Executing command: bem2d 0 "C:/Users/a0274226/AppData/Local/Temp/#Taaaakc10428.in" 0.00127
INFO: Field Solver bem2d for STL_1S_1R_1467
INFO: Executing command: bem2d 0 "C:/Users/a0274226/AppData/Local/Temp/#Taaaakd10428.in" 0.00127
INFO: Field Solver bem2d for STL_1S_1R_1468
INFO: Executing command: bem2d 0 "C:/Users/a0274226/AppData/Local/Temp/#Taaaake10428.in" 0.00127
INFO: Field Solver bem2d for STL_1S_1R_1469
INFO: Executing command: bem2d 0 "C:/Users/a0274226/AppData/Local/Temp/#Taaaakf10428.in" 0.00127
INFO: Field Solver bem2d for STL_1S_1R_1470
INFO: Executing command: bem2d 0 "C:/Users/a0274226/AppData/Local/Temp/#Taaaakg10428.in" 0.00127
INFO: Field Solver bem2d for STL_1S_1R_1471
INFO: Executing command: bem2d 0 "C:/Users/a0274226/AppData/Local/Temp/#Taaaakh10428.in" 0.00127
INFO: Field Solver bem2d for STL_1S_1R_1472
INFO: Executing command: bem2d 0 "C:/Users/a0274226/AppData/Local/Temp/#Taaaaki10428.in" 0.00127
INFO: Field Solver bem2d for STL_1S_1R_1473
INFO: Executing command: bem2d 0 "C:/Users/a0274226/AppData/Local/Temp/#Taaaakj10428.in" 0.00127
INFO: Field Solver bem2d for STL_1S_1R_1474
INFO: Executing command: bem2d 0 "C:/Users/a0274226/AppData/Local/Temp/#Taaaakk10428.in" 0.00127
INFO: Field Solver bem2d for STL_1S_1R_1475
INFO: Executing command: bem2d 0 "C:/Users/a0274226/AppData/Local/Temp/#Taaaakl10428.in" 0.00127
INFO: Field Solver bem2d for STL_1S_1R_1476
INFO: Executing command: bem2d 0 "C:/Users/a0274226/AppData/Local/Temp/#Taaaakm10428.in" 0.00127
INFO: Field Solver bem2d for STL_1S_1R_1477
INFO: Executing command: bem2d 0 "C:/Users/a0274226/AppData/Local/Temp/#Taaaakn10428.in" 0.00127
INFO: Field Solver bem2d for STL_1S_1R_1478
INFO: Executing command: bem2d 0 "C:/Users/a0274226/AppData/Local/Temp/#Taaaako10428.in" 0.00127
INFO: Field Solver bem2d for STL_1S_1R_1479
INFO: Executing command: bem2d 0 "C:/Users/a0274226/AppData/Local/Temp/#Taaaakp10428.in" 0.00127
INFO: Field Solver bem2d for STL_1S_1R_1480
INFO: Executing command: bem2d 0 "C:/Users/a0274226/AppData/Local/Temp/#Taaaakq10428.in" 0.00127
INFO: Field Solver bem2d for STL_1S_1R_1481
INFO: Executing command: bem2d 0 "C:/Users/a0274226/AppData/Local/Temp/#Taaaakr10428.in" 0.00127
INFO: Field Solver bem2d for STL_1S_1R_1482
INFO: Executing command: bem2d 0 "C:/Users/a0274226/AppData/Local/Temp/#Taaaaks10428.in" 0.00127
INFO: Field Solver bem2d for STL_1S_1R_1483
INFO: Executing command: bem2d 0 "C:/Users/a0274226/AppData/Local/Temp/#Taaaakt10428.in" 0.00127
INFO: Field Solver bem2d for STL_1S_1R_1484
INFO: Executing command: bem2d 0 "C:/Users/a0274226/AppData/Local/Temp/#Taaaaku10428.in" 0.00127
INFO: Field Solver bem2d for STL_1S_1R_1485
INFO: Executing command: bem2d 0 "C:/Users/a0274226/AppData/Local/Temp/#Taaaakv10428.in" 0.00127
INFO: Field Solver bem2d for STL_1S_1R_1486
INFO: Executing command: bem2d 0 "C:/Users/a0274226/AppData/Local/Temp/#Taaaakw10428.in" 0.00127
INFO: Field Solver bem2d for STL_1S_1R_1487
INFO: Executing command: bem2d 0 "C:/Users/a0274226/AppData/Local/Temp/#Taaaakx10428.in" 0.00127
INFO: Field Solver bem2d for STL_1S_1R_1488
INFO: Executing command: bem2d 0 "C:/Users/a0274226/AppData/Local/Temp/#Taaaaky10428.in" 0.00127
INFO: Field Solver bem2d for STL_1S_1R_1489
INFO: Executing command: bem2d 0 "C:/Users/a0274226/AppData/Local/Temp/#Taaaakz10428.in" 0.00127
INFO: Field Solver bem2d for STL_1S_1R_1490
INFO: Executing command: bem2d 0 "C:/Users/a0274226/AppData/Local/Temp/#Taaaala10428.in" 0.00127
INFO: Field Solver bem2d for STL_1S_1R_1491
INFO: Executing command: bem2d 0 "C:/Users/a0274226/AppData/Local/Temp/#Taaaalb10428.in" 0.00127
INFO: Field Solver bem2d for STL_1S_1R_1492
INFO: Executing command: bem2d 0 "C:/Users/a0274226/AppData/Local/Temp/#Taaaalc10428.in" 0.00127
INFO: Field Solver bem2d for STL_1S_1R_1493
INFO: Executing command: bem2d 0 "C:/Users/a0274226/AppData/Local/Temp/#Taaaald10428.in" 0.00127
INFO: Field Solver bem2d for STL_1S_1R_1494
INFO: Executing command: bem2d 0 "C:/Users/a0274226/AppData/Local/Temp/#Taaaale10428.in" 0.00127
INFO: Field Solver bem2d for STL_1S_1R_1495
INFO: Executing command: bem2d 0 "C:/Users/a0274226/AppData/Local/Temp/#Taaaalf10428.in" 0.00127
INFO: Field Solver bem2d for STL_1S_1R_1496
INFO: Executing command: bem2d 0 "C:/Users/a0274226/AppData/Local/Temp/#Taaaalg10428.in" 0.00127
INFO: Field Solver bem2d for STL_1S_1R_1497
INFO: Executing command: bem2d 0 "C:/Users/a0274226/AppData/Local/Temp/#Taaaalh10428.in" 0.00127
INFO: Field Solver bem2d for STL_1S_1R_1498
INFO: Executing command: bem2d 0 "C:/Users/a0274226/AppData/Local/Temp/#Taaaali10428.in" 0.00127
INFO: Field Solver bem2d for STL_1S_1R_1499
INFO: Executing command: bem2d 0 "C:/Users/a0274226/AppData/Local/Temp/#Taaaalj10428.in" 0.00127
INFO: Field Solver bem2d for STL_1S_1R_1500
INFO: Executing command: bem2d 0 "C:/Users/a0274226/AppData/Local/Temp/#Taaaalk10428.in" 0.00127
INFO: Field Solver bem2d for STL_1S_1R_1501
INFO: Executing command: bem2d 0 "C:/Users/a0274226/AppData/Local/Temp/#Taaaall10428.in" 0.00127
INFO: Field Solver bem2d for STL_1S_1R_1502
INFO: Executing command: bem2d 0 "C:/Users/a0274226/AppData/Local/Temp/#Taaaalm10428.in" 0.00127
INFO: Field Solver bem2d for STL_1S_1R_1503
INFO: Executing command: bem2d 0 "C:/Users/a0274226/AppData/Local/Temp/#Taaaaln10428.in" 0.00127
INFO: Field Solver bem2d for STL_1S_1R_1504
INFO: Executing command: bem2d 0 "C:/Users/a0274226/AppData